::1 - - [01/Apr/2021:11:06:47 +0100] "GET /phpmyadmin HTTP/1.1" 301 241
::1 - - [01/Apr/2021:11:06:47 +0100] "GET /phpmyadmin/ HTTP/1.1" 200 3387
::1 - - [01/Apr/2021:11:06:49 +0100] "GET /phpmyadmin/js/codemirror/addon/hint/show-hint.css?v=4.7.5 HTTP/1.1" 304 -
::1 - - [01/Apr/2021:11:06:49 +0100] "GET /phpmyadmin/js/codemirror/lib/codemirror.css?v=4.7.5 HTTP/1.1" 304 -
::1 - - [01/Apr/2021:11:06:49 +0100] "GET /phpmyadmin/js/codemirror/addon/lint/lint.css?v=4.7.5 HTTP/1.1" 304 -
::1 - - [01/Apr/2021:11:06:49 +0100] "GET /phpmyadmin/themes/pmahomme/jquery/jquery-ui.css HTTP/1.1" 304 -
::1 - - [01/Apr/2021:11:06:49 +0100] "GET /phpmyadmin/js/get_scripts.js.php?scripts%5B%5D=jquery/jquery.min.js&scripts%5B%5D=jquery/jquery-migrate-3.0.0.js&scripts%5B%5D=sprintf.js&scripts%5B%5D=ajax.js&scripts%5B%5D=keyhandler.js&scripts%5B%5D=jquery/jquery-ui.min.js&scripts%5B%5D=jquery/jquery.cookie.js&scripts%5B%5D=jquery/jquery.mousewheel.js&scripts%5B%5D=jquery/jquery.event.drag-2.2.js&scripts%5B%5D=jquery/jquery-ui-timepicker-addon.js&v=4.7.5 HTTP/1.1" 200 139207
::1 - - [01/Apr/2021:11:06:49 +0100] "GET /phpmyadmin/phpmyadmin.css.php?nocache=4850588192ltr&server=1 HTTP/1.1" 200 20347
::1 - - [01/Apr/2021:11:06:49 +0100] "GET /phpmyadmin/js/get_scripts.js.php?scripts%5B%5D=jquery/jquery.ba-hashchange-1.3.js&scripts%5B%5D=jquery/jquery.debounce-1.0.5.js&scripts%5B%5D=menu-resizer.js&scripts%5B%5D=cross_framing_protection.js&scripts%5B%5D=rte.js&scripts%5B%5D=tracekit/tracekit.js&scripts%5B%5D=error_report.js&scripts%5B%5D=config.js&scripts%5B%5D=doclinks.js&scripts%5B%5D=functions.js&v=4.7.5 HTTP/1.1" 200 77616
::1 - - [01/Apr/2021:11:06:49 +0100] "GET /phpmyadmin/js/get_scripts.js.php?scripts%5B%5D=codemirror/addon/lint/lint.js&scripts%5B%5D=codemirror/addon/lint/sql-lint.js&scripts%5B%5D=console.js&v=4.7.5 HTTP/1.1" 200 13260
::1 - - [01/Apr/2021:11:06:49 +0100] "GET /phpmyadmin/js/get_scripts.js.php?scripts%5B%5D=navigation.js&scripts%5B%5D=indexes.js&scripts%5B%5D=common.js&scripts%5B%5D=page_settings.js&scripts%5B%5D=shortcuts_handler.js&scripts%5B%5D=codemirror/lib/codemirror.js&scripts%5B%5D=codemirror/mode/sql/sql.js&scripts%5B%5D=codemirror/addon/runmode/runmode.js&scripts%5B%5D=codemirror/addon/hint/show-hint.js&scripts%5B%5D=codemirror/addon/hint/sql-hint.js&v=4.7.5 HTTP/1.1" 200 136358
::1 - - [01/Apr/2021:11:06:49 +0100] "GET /phpmyadmin/js/whitelist.php?v=4.7.5 HTTP/1.1" 200 475
::1 - - [01/Apr/2021:11:06:49 +0100] "GET /phpmyadmin/js/get_image.js.php?theme=pmahomme&v=4.7.5 HTTP/1.1" 200 1852
::1 - - [01/Apr/2021:11:06:49 +0100] "GET /phpmyadmin/js/messages.php?l=en&v=4.7.5 HTTP/1.1" 200 8700
::1 - - [01/Apr/2021:11:06:50 +0100] "GET /phpmyadmin/themes/dot.gif HTTP/1.1" 200 43
::1 - - [01/Apr/2021:11:06:50 +0100] "GET /phpmyadmin/themes/pmahomme/img/logo_right.png HTTP/1.1" 200 4601
::1 - - [01/Apr/2021:11:06:50 +0100] "GET /phpmyadmin/themes/pmahomme/css/printview.css?v=4.7.5 HTTP/1.1" 304 -
::1 - - [01/Apr/2021:11:06:50 +0100] "GET /phpmyadmin/themes/pmahomme/img/sprites.png?v=4.7.5 HTTP/1.1" 200 15764
::1 - - [01/Apr/2021:11:07:00 +0100] "POST /phpmyadmin/index.php HTTP/1.1" 302 25
::1 - - [01/Apr/2021:11:07:01 +0100] "GET /phpmyadmin/index.php HTTP/1.1" 200 13196
::1 - - [01/Apr/2021:11:07:01 +0100] "GET /phpmyadmin/themes/pmahomme/img/logo_left.png HTTP/1.1" 200 2827
::1 - - [01/Apr/2021:11:07:01 +0100] "GET /phpmyadmin/phpmyadmin.css.php?nocache=6467859813ltr&server=1 HTTP/1.1" 200 20347
::1 - - [01/Apr/2021:11:07:01 +0100] "GET /phpmyadmin/themes/pmahomme/img/ajax_clock_small.gif HTTP/1.1" 200 1810
::1 - - [01/Apr/2021:11:07:01 +0100] "GET /phpmyadmin/themes/pmahomme/img/s_collapseall.png HTTP/1.1" 200 170
::1 - - [01/Apr/2021:11:07:02 +0100] "GET /phpmyadmin/themes/pmahomme/img/left_nav_bg.png HTTP/1.1" 200 257
::1 - - [01/Apr/2021:11:07:02 +0100] "POST /phpmyadmin/navigation.php?ajax_request=1 HTTP/1.1" 200 1898
::1 - - [01/Apr/2021:11:07:02 +0100] "POST /phpmyadmin/version_check.php HTTP/1.1" 200 64
::1 - - [01/Apr/2021:11:30:58 +0100] "POST /phpmyadmin/index.php HTTP/1.1" 200 1360
::1 - - [01/Apr/2021:11:49:37 +0100] "POST /phpmyadmin/index.php HTTP/1.1" 200 1360
::1 - - [01/Apr/2021:12:07:55 +0100] "POST /phpmyadmin/index.php HTTP/1.1" 200 1360
::1 - - [01/Apr/2021:12:25:53 +0100] "POST /phpmyadmin/index.php HTTP/1.1" 200 1360
::1 - - [01/Apr/2021:12:43:32 +0100] "POST /phpmyadmin/index.php HTTP/1.1" 200 1360
::1 - - [01/Apr/2021:13:00:53 +0100] "POST /phpmyadmin/index.php HTTP/1.1" 200 1360
::1 - - [01/Apr/2021:13:17:57 +0100] "POST /phpmyadmin/index.php HTTP/1.1" 200 1360
::1 - - [01/Apr/2021:13:34:42 +0100] "POST /phpmyadmin/index.php HTTP/1.1" 200 1360
::1 - - [01/Apr/2021:13:51:10 +0100] "POST /phpmyadmin/index.php HTTP/1.1" 200 1360
::1 - - [01/Apr/2021:14:07:22 +0100] "POST /phpmyadmin/index.php HTTP/1.1" 200 1360
::1 - - [01/Apr/2021:14:23:17 +0100] "POST /phpmyadmin/index.php HTTP/1.1" 200 1360
::1 - - [01/Apr/2021:14:38:56 +0100] "POST /phpmyadmin/index.php HTTP/1.1" 200 1360
::1 - - [01/Apr/2021:14:54:20 +0100] "POST /phpmyadmin/index.php HTTP/1.1" 200 1360
::1 - - [01/Apr/2021:15:09:28 +0100] "POST /phpmyadmin/index.php HTTP/1.1" 200 1360
::1 - - [01/Apr/2021:15:24:21 +0100] "POST /phpmyadmin/index.php HTTP/1.1" 200 1360
::1 - - [01/Apr/2021:15:38:59 +0100] "POST /phpmyadmin/index.php HTTP/1.1" 200 1360
::1 - - [01/Apr/2021:15:53:23 +0100] "POST /phpmyadmin/index.php HTTP/1.1" 200 1360
::1 - - [01/Apr/2021:16:07:32 +0100] "POST /phpmyadmin/index.php HTTP/1.1" 200 1360
::1 - - [01/Apr/2021:16:21:27 +0100] "POST /phpmyadmin/index.php HTTP/1.1" 200 1360
::1 - - [01/Apr/2021:16:35:08 +0100] "POST /phpmyadmin/index.php HTTP/1.1" 200 1360
::1 - - [01/Apr/2021:16:48:36 +0100] "POST /phpmyadmin/index.php HTTP/1.1" 200 1360
::1 - - [01/Apr/2021:17:01:50 +0100] "POST /phpmyadmin/index.php HTTP/1.1" 200 1360
::1 - - [01/Apr/2021:17:14:51 +0100] "POST /phpmyadmin/index.php HTTP/1.1" 200 1360
::1 - - [01/Apr/2021:17:27:39 +0100] "POST /phpmyadmin/index.php HTTP/1.1" 200 1360
::1 - - [01/Apr/2021:17:40:14 +0100] "POST /phpmyadmin/index.php HTTP/1.1" 200 1360
::1 - - [01/Apr/2021:17:52:36 +0100] "POST /phpmyadmin/index.php HTTP/1.1" 200 1360
::1 - - [01/Apr/2021:18:04:46 +0100] "POST /phpmyadmin/index.php HTTP/1.1" 200 1360
::1 - - [01/Apr/2021:18:16:44 +0100] "POST /phpmyadmin/index.php HTTP/1.1" 200 1360
::1 - - [01/Apr/2021:18:28:30 +0100] "POST /phpmyadmin/index.php HTTP/1.1" 200 1360
::1 - - [01/Apr/2021:18:40:04 +0100] "POST /phpmyadmin/index.php HTTP/1.1" 200 1360
::1 - - [01/Apr/2021:18:51:27 +0100] "POST /phpmyadmin/index.php HTTP/1.1" 200 1360
::1 - - [01/Apr/2021:19:02:38 +0100] "POST /phpmyadmin/index.php HTTP/1.1" 200 1360
::1 - - [01/Apr/2021:19:13:38 +0100] "POST /phpmyadmin/index.php HTTP/1.1" 200 1360
::1 - - [01/Apr/2021:19:24:27 +0100] "POST /phpmyadmin/index.php HTTP/1.1" 200 1360
::1 - - [01/Apr/2021:19:35:05 +0100] "POST /phpmyadmin/index.php HTTP/1.1" 200 1360
::1 - - [01/Apr/2021:19:45:33 +0100] "POST /phpmyadmin/index.php HTTP/1.1" 200 1360
::1 - - [01/Apr/2021:19:55:50 +0100] "POST /phpmyadmin/index.php HTTP/1.1" 200 1360
::1 - - [01/Apr/2021:20:05:57 +0100] "POST /phpmyadmin/index.php HTTP/1.1" 200 1360
::1 - - [01/Apr/2021:20:15:54 +0100] "POST /phpmyadmin/index.php HTTP/1.1" 200 1360
::1 - - [01/Apr/2021:20:25:41 +0100] "POST /phpmyadmin/index.php HTTP/1.1" 200 1360
::1 - - [01/Apr/2021:20:35:17 +0100] "POST /phpmyadmin/index.php HTTP/1.1" 200 1360
::1 - - [01/Apr/2021:20:44:42 +0100] "POST /phpmyadmin/index.php HTTP/1.1" 200 1360
::1 - - [01/Apr/2021:20:53:58 +0100] "POST /phpmyadmin/index.php HTTP/1.1" 200 1360
::1 - - [01/Apr/2021:21:03:04 +0100] "POST /phpmyadmin/index.php HTTP/1.1" 200 1360
::1 - - [01/Apr/2021:21:12:01 +0100] "POST /phpmyadmin/index.php HTTP/1.1" 200 1360
::1 - - [01/Apr/2021:21:20:48 +0100] "POST /phpmyadmin/index.php HTTP/1.1" 200 1360
::1 - - [01/Apr/2021:21:29:25 +0100] "POST /phpmyadmin/index.php HTTP/1.1" 200 1360
::1 - - [01/Apr/2021:21:37:51 +0100] "POST /phpmyadmin/index.php HTTP/1.1" 200 1360
::1 - - [01/Apr/2021:21:46:09 +0100] "POST /phpmyadmin/index.php HTTP/1.1" 200 1360
::1 - - [01/Apr/2021:21:54:19 +0100] "POST /phpmyadmin/index.php HTTP/1.1" 200 1360
::1 - - [01/Apr/2021:22:02:19 +0100] "POST /phpmyadmin/index.php HTTP/1.1" 200 1360
::1 - - [01/Apr/2021:22:10:09 +0100] "POST /phpmyadmin/index.php HTTP/1.1" 200 1360
::1 - - [01/Apr/2021:22:17:50 +0100] "POST /phpmyadmin/index.php HTTP/1.1" 200 1360
::1 - - [01/Apr/2021:22:25:23 +0100] "POST /phpmyadmin/index.php HTTP/1.1" 200 1360
::1 - - [01/Apr/2021:22:32:48 +0100] "POST /phpmyadmin/index.php HTTP/1.1" 200 1360
::1 - - [01/Apr/2021:22:40:06 +0100] "POST /phpmyadmin/index.php HTTP/1.1" 200 1360
::1 - - [01/Apr/2021:22:47:16 +0100] "POST /phpmyadmin/index.php HTTP/1.1" 200 1360
::1 - - [01/Apr/2021:22:54:17 +0100] "POST /phpmyadmin/index.php HTTP/1.1" 200 1360
::1 - - [01/Apr/2021:23:01:10 +0100] "POST /phpmyadmin/index.php HTTP/1.1" 200 1360
::1 - - [01/Apr/2021:23:07:57 +0100] "POST /phpmyadmin/index.php HTTP/1.1" 200 1360
::1 - - [01/Apr/2021:23:14:36 +0100] "POST /phpmyadmin/index.php HTTP/1.1" 200 1360
::1 - - [01/Apr/2021:23:21:08 +0100] "POST /phpmyadmin/index.php HTTP/1.1" 200 1360
::1 - - [01/Apr/2021:23:27:32 +0100] "POST /phpmyadmin/index.php HTTP/1.1" 200 1360
::1 - - [01/Apr/2021:23:33:48 +0100] "POST /phpmyadmin/index.php HTTP/1.1" 200 1360
::1 - - [01/Apr/2021:23:39:58 +0100] "POST /phpmyadmin/index.php HTTP/1.1" 200 1360
::1 - - [01/Apr/2021:23:46:01 +0100] "POST /phpmyadmin/index.php HTTP/1.1" 200 1360
::1 - - [01/Apr/2021:23:51:58 +0100] "POST /phpmyadmin/index.php HTTP/1.1" 200 1360
::1 - - [01/Apr/2021:23:57:47 +0100] "POST /phpmyadmin/index.php HTTP/1.1" 200 1360
::1 - - [02/Apr/2021:00:03:30 +0100] "POST /phpmyadmin/index.php HTTP/1.1" 200 1360
::1 - - [02/Apr/2021:00:09:06 +0100] "POST /phpmyadmin/index.php HTTP/1.1" 200 1360
::1 - - [02/Apr/2021:00:14:37 +0100] "POST /phpmyadmin/index.php HTTP/1.1" 200 1360
::1 - - [02/Apr/2021:00:20:01 +0100] "POST /phpmyadmin/index.php HTTP/1.1" 200 1360
::1 - - [02/Apr/2021:00:25:20 +0100] "POST /phpmyadmin/index.php HTTP/1.1" 200 1360
::1 - - [02/Apr/2021:00:30:33 +0100] "POST /phpmyadmin/index.php HTTP/1.1" 200 1360
::1 - - [02/Apr/2021:00:35:41 +0100] "POST /phpmyadmin/index.php HTTP/1.1" 200 1360
::1 - - [02/Apr/2021:00:40:44 +0100] "POST /phpmyadmin/index.php HTTP/1.1" 200 1360
::1 - - [02/Apr/2021:00:45:42 +0100] "POST /phpmyadmin/index.php HTTP/1.1" 200 1360
::1 - - [02/Apr/2021:00:50:35 +0100] "POST /phpmyadmin/index.php HTTP/1.1" 200 1360
::1 - - [02/Apr/2021:00:55:23 +0100] "POST /phpmyadmin/index.php HTTP/1.1" 200 1360
::1 - - [02/Apr/2021:01:00:06 +0100] "POST /phpmyadmin/index.php HTTP/1.1" 200 1360
::1 - - [02/Apr/2021:01:04:45 +0100] "POST /phpmyadmin/index.php HTTP/1.1" 200 1360
::1 - - [02/Apr/2021:01:09:19 +0100] "POST /phpmyadmin/index.php HTTP/1.1" 200 1360
::1 - - [02/Apr/2021:01:13:48 +0100] "POST /phpmyadmin/index.php HTTP/1.1" 200 1360
::1 - - [02/Apr/2021:01:18:13 +0100] "POST /phpmyadmin/index.php HTTP/1.1" 200 1360
::1 - - [02/Apr/2021:01:22:33 +0100] "POST /phpmyadmin/index.php HTTP/1.1" 200 1360
::1 - - [02/Apr/2021:01:26:49 +0100] "POST /phpmyadmin/index.php HTTP/1.1" 200 1360
::1 - - [02/Apr/2021:01:31:01 +0100] "POST /phpmyadmin/index.php HTTP/1.1" 200 1360
::1 - - [02/Apr/2021:01:35:09 +0100] "POST /phpmyadmin/index.php HTTP/1.1" 200 1360
::1 - - [02/Apr/2021:01:39:13 +0100] "POST /phpmyadmin/index.php HTTP/1.1" 200 1360
::1 - - [02/Apr/2021:01:43:12 +0100] "POST /phpmyadmin/index.php HTTP/1.1" 200 1360
::1 - - [02/Apr/2021:01:47:08 +0100] "POST /phpmyadmin/index.php HTTP/1.1" 200 1360
::1 - - [02/Apr/2021:01:51:00 +0100] "POST /phpmyadmin/index.php HTTP/1.1" 200 1360
::1 - - [02/Apr/2021:01:54:48 +0100] "POST /phpmyadmin/index.php HTTP/1.1" 200 1360
::1 - - [02/Apr/2021:01:58:32 +0100] "POST /phpmyadmin/index.php HTTP/1.1" 200 1360
::1 - - [02/Apr/2021:02:02:12 +0100] "POST /phpmyadmin/index.php HTTP/1.1" 200 1360
::1 - - [02/Apr/2021:02:05:49 +0100] "POST /phpmyadmin/index.php HTTP/1.1" 200 1360
::1 - - [02/Apr/2021:02:09:22 +0100] "POST /phpmyadmin/index.php HTTP/1.1" 200 1360
::1 - - [02/Apr/2021:02:12:51 +0100] "POST /phpmyadmin/index.php HTTP/1.1" 200 1360
::1 - - [02/Apr/2021:02:16:17 +0100] "POST /phpmyadmin/index.php HTTP/1.1" 200 1360
::1 - - [02/Apr/2021:02:19:39 +0100] "POST /phpmyadmin/index.php HTTP/1.1" 200 1360
::1 - - [02/Apr/2021:02:22:58 +0100] "POST /phpmyadmin/index.php HTTP/1.1" 200 1360
::1 - - [02/Apr/2021:02:26:14 +0100] "POST /phpmyadmin/index.php HTTP/1.1" 200 1360
::1 - - [02/Apr/2021:02:29:26 +0100] "POST /phpmyadmin/index.php HTTP/1.1" 200 1360
::1 - - [02/Apr/2021:02:32:35 +0100] "POST /phpmyadmin/index.php HTTP/1.1" 200 1360
::1 - - [02/Apr/2021:02:35:41 +0100] "POST /phpmyadmin/index.php HTTP/1.1" 200 1360
::1 - - [02/Apr/2021:02:38:44 +0100] "POST /phpmyadmin/index.php HTTP/1.1" 200 1360
::1 - - [02/Apr/2021:02:41:44 +0100] "POST /phpmyadmin/index.php HTTP/1.1" 200 1360
::1 - - [02/Apr/2021:02:44:41 +0100] "POST /phpmyadmin/index.php HTTP/1.1" 200 1360
::1 - - [02/Apr/2021:02:47:35 +0100] "POST /phpmyadmin/index.php HTTP/1.1" 200 1360
::1 - - [02/Apr/2021:02:50:26 +0100] "POST /phpmyadmin/index.php HTTP/1.1" 200 1360
::1 - - [02/Apr/2021:02:53:14 +0100] "POST /phpmyadmin/index.php HTTP/1.1" 200 1360
::1 - - [02/Apr/2021:02:55:59 +0100] "POST /phpmyadmin/index.php HTTP/1.1" 200 1360
::1 - - [02/Apr/2021:02:58:42 +0100] "POST /phpmyadmin/index.php HTTP/1.1" 200 1360
::1 - - [02/Apr/2021:03:01:22 +0100] "POST /phpmyadmin/index.php HTTP/1.1" 200 1360
::1 - - [02/Apr/2021:03:03:59 +0100] "POST /phpmyadmin/index.php HTTP/1.1" 200 1360
::1 - - [02/Apr/2021:03:06:34 +0100] "POST /phpmyadmin/index.php HTTP/1.1" 200 1360
::1 - - [02/Apr/2021:03:09:06 +0100] "POST /phpmyadmin/index.php HTTP/1.1" 200 1360
::1 - - [02/Apr/2021:03:11:36 +0100] "POST /phpmyadmin/index.php HTTP/1.1" 200 1360
::1 - - [02/Apr/2021:03:14:03 +0100] "POST /phpmyadmin/index.php HTTP/1.1" 200 1360
::1 - - [02/Apr/2021:03:16:28 +0100] "POST /phpmyadmin/index.php HTTP/1.1" 200 1360
::1 - - [02/Apr/2021:03:18:50 +0100] "POST /phpmyadmin/index.php HTTP/1.1" 200 1360
::1 - - [02/Apr/2021:03:21:10 +0100] "POST /phpmyadmin/index.php HTTP/1.1" 200 1360
::1 - - [02/Apr/2021:03:23:28 +0100] "POST /phpmyadmin/index.php HTTP/1.1" 200 1360
::1 - - [02/Apr/2021:03:25:43 +0100] "POST /phpmyadmin/index.php HTTP/1.1" 200 1360
::1 - - [02/Apr/2021:03:27:56 +0100] "POST /phpmyadmin/index.php HTTP/1.1" 200 1360
::1 - - [02/Apr/2021:03:30:07 +0100] "POST /phpmyadmin/index.php HTTP/1.1" 200 1360
::1 - - [02/Apr/2021:03:32:16 +0100] "POST /phpmyadmin/index.php HTTP/1.1" 200 1360
::1 - - [02/Apr/2021:03:34:22 +0100] "POST /phpmyadmin/index.php HTTP/1.1" 200 1360
::1 - - [02/Apr/2021:03:36:26 +0100] "POST /phpmyadmin/index.php HTTP/1.1" 200 1360
::1 - - [02/Apr/2021:03:38:28 +0100] "POST /phpmyadmin/index.php HTTP/1.1" 200 1360
::1 - - [02/Apr/2021:03:40:28 +0100] "POST /phpmyadmin/index.php HTTP/1.1" 200 1360
::1 - - [02/Apr/2021:03:42:26 +0100] "POST /phpmyadmin/index.php HTTP/1.1" 200 1360
::1 - - [02/Apr/2021:03:44:22 +0100] "POST /phpmyadmin/index.php HTTP/1.1" 200 1360
::1 - - [02/Apr/2021:03:46:16 +0100] "POST /phpmyadmin/index.php HTTP/1.1" 200 1360
::1 - - [02/Apr/2021:03:48:08 +0100] "POST /phpmyadmin/index.php HTTP/1.1" 200 1360
::1 - - [02/Apr/2021:03:49:59 +0100] "POST /phpmyadmin/index.php HTTP/1.1" 200 1360
::1 - - [02/Apr/2021:03:51:48 +0100] "POST /phpmyadmin/index.php HTTP/1.1" 200 1360
::1 - - [02/Apr/2021:03:53:35 +0100] "POST /phpmyadmin/index.php HTTP/1.1" 200 1360
::1 - - [02/Apr/2021:03:55:20 +0100] "POST /phpmyadmin/index.php HTTP/1.1" 200 1360
::1 - - [02/Apr/2021:03:57:03 +0100] "POST /phpmyadmin/index.php HTTP/1.1" 200 1360
::1 - - [02/Apr/2021:03:58:45 +0100] "POST /phpmyadmin/index.php HTTP/1.1" 200 1360
::1 - - [02/Apr/2021:04:00:25 +0100] "POST /phpmyadmin/index.php HTTP/1.1" 200 1360
::1 - - [02/Apr/2021:04:02:03 +0100] "POST /phpmyadmin/index.php HTTP/1.1" 200 1360
::1 - - [02/Apr/2021:04:03:40 +0100] "POST /phpmyadmin/index.php HTTP/1.1" 200 1360
::1 - - [02/Apr/2021:04:05:15 +0100] "POST /phpmyadmin/index.php HTTP/1.1" 200 1360
::1 - - [02/Apr/2021:04:06:48 +0100] "POST /phpmyadmin/index.php HTTP/1.1" 200 1360
::1 - - [02/Apr/2021:04:08:20 +0100] "POST /phpmyadmin/index.php HTTP/1.1" 200 1360
::1 - - [02/Apr/2021:04:09:50 +0100] "POST /phpmyadmin/index.php HTTP/1.1" 200 1360
::1 - - [02/Apr/2021:04:11:19 +0100] "POST /phpmyadmin/index.php HTTP/1.1" 200 1360
::1 - - [02/Apr/2021:04:12:46 +0100] "POST /phpmyadmin/index.php HTTP/1.1" 200 1360
::1 - - [02/Apr/2021:04:14:12 +0100] "POST /phpmyadmin/index.php HTTP/1.1" 200 1360
::1 - - [02/Apr/2021:04:15:37 +0100] "POST /phpmyadmin/index.php HTTP/1.1" 200 1360
::1 - - [02/Apr/2021:04:17:00 +0100] "POST /phpmyadmin/index.php HTTP/1.1" 200 1360
::1 - - [02/Apr/2021:04:18:22 +0100] "POST /phpmyadmin/index.php HTTP/1.1" 200 1360
::1 - - [02/Apr/2021:04:19:42 +0100] "POST /phpmyadmin/index.php HTTP/1.1" 200 1360
::1 - - [02/Apr/2021:04:21:01 +0100] "POST /phpmyadmin/index.php HTTP/1.1" 200 1360
::1 - - [02/Apr/2021:04:22:19 +0100] "POST /phpmyadmin/index.php HTTP/1.1" 200 1360
::1 - - [02/Apr/2021:04:23:35 +0100] "POST /phpmyadmin/index.php HTTP/1.1" 200 1360
::1 - - [02/Apr/2021:04:24:50 +0100] "POST /phpmyadmin/index.php HTTP/1.1" 200 1360
::1 - - [02/Apr/2021:04:26:04 +0100] "POST /phpmyadmin/index.php HTTP/1.1" 200 1360
::1 - - [02/Apr/2021:04:27:17 +0100] "POST /phpmyadmin/index.php HTTP/1.1" 200 1360
::1 - - [02/Apr/2021:04:28:28 +0100] "POST /phpmyadmin/index.php HTTP/1.1" 200 1360
::1 - - [02/Apr/2021:04:29:38 +0100] "POST /phpmyadmin/index.php HTTP/1.1" 200 1360
::1 - - [02/Apr/2021:04:30:47 +0100] "POST /phpmyadmin/index.php HTTP/1.1" 200 1360
::1 - - [02/Apr/2021:04:31:55 +0100] "POST /phpmyadmin/index.php HTTP/1.1" 200 1360
::1 - - [02/Apr/2021:04:33:02 +0100] "POST /phpmyadmin/index.php HTTP/1.1" 200 1360
::1 - - [02/Apr/2021:04:34:08 +0100] "POST /phpmyadmin/index.php HTTP/1.1" 200 1360
::1 - - [02/Apr/2021:04:35:13 +0100] "POST /phpmyadmin/index.php HTTP/1.1" 200 1360
::1 - - [02/Apr/2021:04:36:16 +0100] "POST /phpmyadmin/index.php HTTP/1.1" 200 1360
::1 - - [02/Apr/2021:04:37:18 +0100] "POST /phpmyadmin/index.php HTTP/1.1" 200 1360
::1 - - [02/Apr/2021:04:38:19 +0100] "POST /phpmyadmin/index.php HTTP/1.1" 200 1360
::1 - - [02/Apr/2021:04:39:19 +0100] "POST /phpmyadmin/index.php HTTP/1.1" 200 1360
::1 - - [02/Apr/2021:04:40:18 +0100] "POST /phpmyadmin/index.php HTTP/1.1" 200 1360
::1 - - [02/Apr/2021:04:41:16 +0100] "POST /phpmyadmin/index.php HTTP/1.1" 200 1360
::1 - - [02/Apr/2021:04:42:13 +0100] "POST /phpmyadmin/index.php HTTP/1.1" 200 1360
::1 - - [02/Apr/2021:04:43:09 +0100] "POST /phpmyadmin/index.php HTTP/1.1" 200 1360
::1 - - [02/Apr/2021:04:44:05 +0100] "POST /phpmyadmin/index.php HTTP/1.1" 200 1360
::1 - - [02/Apr/2021:04:45:00 +0100] "POST /phpmyadmin/index.php HTTP/1.1" 200 1360
::1 - - [02/Apr/2021:04:45:54 +0100] "POST /phpmyadmin/index.php HTTP/1.1" 200 1360
::1 - - [02/Apr/2021:04:46:47 +0100] "POST /phpmyadmin/index.php HTTP/1.1" 200 1360
::1 - - [02/Apr/2021:04:47:39 +0100] "POST /phpmyadmin/index.php HTTP/1.1" 200 1360
::1 - - [02/Apr/2021:04:48:30 +0100] "POST /phpmyadmin/index.php HTTP/1.1" 200 1360
::1 - - [02/Apr/2021:04:49:20 +0100] "POST /phpmyadmin/index.php HTTP/1.1" 200 1360
::1 - - [02/Apr/2021:04:50:09 +0100] "POST /phpmyadmin/index.php HTTP/1.1" 200 1360
::1 - - [02/Apr/2021:04:50:58 +0100] "POST /phpmyadmin/index.php HTTP/1.1" 200 1360
::1 - - [02/Apr/2021:04:51:46 +0100] "POST /phpmyadmin/index.php HTTP/1.1" 200 1360
::1 - - [02/Apr/2021:04:52:33 +0100] "POST /phpmyadmin/index.php HTTP/1.1" 200 1360
::1 - - [02/Apr/2021:04:53:19 +0100] "POST /phpmyadmin/index.php HTTP/1.1" 200 1360
::1 - - [02/Apr/2021:04:54:04 +0100] "POST /phpmyadmin/index.php HTTP/1.1" 200 1360
::1 - - [02/Apr/2021:04:54:49 +0100] "POST /phpmyadmin/index.php HTTP/1.1" 200 1360
::1 - - [02/Apr/2021:04:55:33 +0100] "POST /phpmyadmin/index.php HTTP/1.1" 200 1360
::1 - - [02/Apr/2021:04:56:16 +0100] "POST /phpmyadmin/index.php HTTP/1.1" 200 1360
::1 - - [02/Apr/2021:04:56:58 +0100] "POST /phpmyadmin/index.php HTTP/1.1" 200 1360
::1 - - [02/Apr/2021:04:57:40 +0100] "POST /phpmyadmin/index.php HTTP/1.1" 200 1360
::1 - - [02/Apr/2021:04:58:21 +0100] "POST /phpmyadmin/index.php HTTP/1.1" 200 1360
::1 - - [02/Apr/2021:04:59:01 +0100] "POST /phpmyadmin/index.php HTTP/1.1" 200 1360
::1 - - [02/Apr/2021:04:59:41 +0100] "POST /phpmyadmin/index.php HTTP/1.1" 200 1360
::1 - - [02/Apr/2021:05:00:20 +0100] "POST /phpmyadmin/index.php HTTP/1.1" 200 1360
::1 - - [02/Apr/2021:05:00:58 +0100] "POST /phpmyadmin/index.php HTTP/1.1" 200 1360
::1 - - [02/Apr/2021:05:01:36 +0100] "POST /phpmyadmin/index.php HTTP/1.1" 200 1360
::1 - - [02/Apr/2021:05:02:13 +0100] "POST /phpmyadmin/index.php HTTP/1.1" 200 1360
::1 - - [02/Apr/2021:05:02:49 +0100] "POST /phpmyadmin/index.php HTTP/1.1" 200 1360
::1 - - [02/Apr/2021:05:03:25 +0100] "POST /phpmyadmin/index.php HTTP/1.1" 200 1360
::1 - - [02/Apr/2021:05:04:00 +0100] "POST /phpmyadmin/index.php HTTP/1.1" 200 1360
::1 - - [02/Apr/2021:05:04:35 +0100] "POST /phpmyadmin/index.php HTTP/1.1" 200 1360
::1 - - [02/Apr/2021:05:05:09 +0100] "POST /phpmyadmin/index.php HTTP/1.1" 200 1360
::1 - - [02/Apr/2021:05:05:43 +0100] "POST /phpmyadmin/index.php HTTP/1.1" 200 1360
::1 - - [02/Apr/2021:05:06:16 +0100] "POST /phpmyadmin/index.php HTTP/1.1" 200 1360
::1 - - [02/Apr/2021:05:06:48 +0100] "POST /phpmyadmin/index.php HTTP/1.1" 200 1360
::1 - - [02/Apr/2021:05:07:20 +0100] "POST /phpmyadmin/index.php HTTP/1.1" 200 1360
::1 - - [02/Apr/2021:05:07:51 +0100] "POST /phpmyadmin/index.php HTTP/1.1" 200 1360
::1 - - [02/Apr/2021:05:08:22 +0100] "POST /phpmyadmin/index.php HTTP/1.1" 200 1360
::1 - - [02/Apr/2021:05:08:52 +0100] "POST /phpmyadmin/index.php HTTP/1.1" 200 1360
::1 - - [02/Apr/2021:05:09:22 +0100] "POST /phpmyadmin/index.php HTTP/1.1" 200 1360
::1 - - [02/Apr/2021:05:09:51 +0100] "POST /phpmyadmin/index.php HTTP/1.1" 200 1360
::1 - - [02/Apr/2021:05:10:20 +0100] "POST /phpmyadmin/index.php HTTP/1.1" 200 1360
::1 - - [02/Apr/2021:05:10:48 +0100] "POST /phpmyadmin/index.php HTTP/1.1" 200 1360
::1 - - [02/Apr/2021:05:11:16 +0100] "POST /phpmyadmin/index.php HTTP/1.1" 200 1360
::1 - - [02/Apr/2021:05:11:43 +0100] "POST /phpmyadmin/index.php HTTP/1.1" 200 1360
::1 - - [02/Apr/2021:05:12:10 +0100] "POST /phpmyadmin/index.php HTTP/1.1" 200 1360
::1 - - [02/Apr/2021:05:12:37 +0100] "POST /phpmyadmin/index.php HTTP/1.1" 200 1360
::1 - - [02/Apr/2021:05:13:03 +0100] "POST /phpmyadmin/index.php HTTP/1.1" 200 1360
::1 - - [02/Apr/2021:05:13:29 +0100] "POST /phpmyadmin/index.php HTTP/1.1" 200 1360
::1 - - [02/Apr/2021:05:13:54 +0100] "POST /phpmyadmin/index.php HTTP/1.1" 200 1360
::1 - - [02/Apr/2021:05:14:19 +0100] "POST /phpmyadmin/index.php HTTP/1.1" 200 1360
::1 - - [02/Apr/2021:05:14:43 +0100] "POST /phpmyadmin/index.php HTTP/1.1" 200 1360
::1 - - [02/Apr/2021:05:15:07 +0100] "POST /phpmyadmin/index.php HTTP/1.1" 200 1360
::1 - - [02/Apr/2021:05:15:31 +0100] "POST /phpmyadmin/index.php HTTP/1.1" 200 1360
::1 - - [02/Apr/2021:05:15:54 +0100] "POST /phpmyadmin/index.php HTTP/1.1" 200 1360
::1 - - [02/Apr/2021:05:16:17 +0100] "POST /phpmyadmin/index.php HTTP/1.1" 200 1360
::1 - - [02/Apr/2021:05:16:39 +0100] "POST /phpmyadmin/index.php HTTP/1.1" 200 1360
::1 - - [02/Apr/2021:05:17:01 +0100] "POST /phpmyadmin/index.php HTTP/1.1" 200 1360
::1 - - [02/Apr/2021:05:17:23 +0100] "POST /phpmyadmin/index.php HTTP/1.1" 200 1360
::1 - - [02/Apr/2021:05:17:44 +0100] "POST /phpmyadmin/index.php HTTP/1.1" 200 1360
::1 - - [02/Apr/2021:05:18:05 +0100] "POST /phpmyadmin/index.php HTTP/1.1" 200 1360
::1 - - [02/Apr/2021:05:18:26 +0100] "POST /phpmyadmin/index.php HTTP/1.1" 200 1360
::1 - - [02/Apr/2021:05:18:46 +0100] "POST /phpmyadmin/index.php HTTP/1.1" 200 1360
::1 - - [02/Apr/2021:05:19:06 +0100] "POST /phpmyadmin/index.php HTTP/1.1" 200 1360
::1 - - [02/Apr/2021:05:19:26 +0100] "POST /phpmyadmin/index.php HTTP/1.1" 200 1360
::1 - - [02/Apr/2021:05:19:45 +0100] "POST /phpmyadmin/index.php HTTP/1.1" 200 1360
::1 - - [02/Apr/2021:05:20:04 +0100] "POST /phpmyadmin/index.php HTTP/1.1" 200 1360
::1 - - [02/Apr/2021:05:20:23 +0100] "POST /phpmyadmin/index.php HTTP/1.1" 200 1360
::1 - - [02/Apr/2021:05:20:41 +0100] "POST /phpmyadmin/index.php HTTP/1.1" 200 1360
::1 - - [02/Apr/2021:05:20:59 +0100] "POST /phpmyadmin/index.php HTTP/1.1" 200 1360
::1 - - [02/Apr/2021:05:21:17 +0100] "POST /phpmyadmin/index.php HTTP/1.1" 200 1360
::1 - - [02/Apr/2021:05:21:34 +0100] "POST /phpmyadmin/index.php HTTP/1.1" 200 1360
::1 - - [02/Apr/2021:05:21:51 +0100] "POST /phpmyadmin/index.php HTTP/1.1" 200 1360
::1 - - [02/Apr/2021:05:22:08 +0100] "POST /phpmyadmin/index.php HTTP/1.1" 200 1360
::1 - - [02/Apr/2021:05:22:25 +0100] "POST /phpmyadmin/index.php HTTP/1.1" 200 1360
::1 - - [02/Apr/2021:05:22:41 +0100] "POST /phpmyadmin/index.php HTTP/1.1" 200 1360
::1 - - [02/Apr/2021:05:22:57 +0100] "POST /phpmyadmin/index.php HTTP/1.1" 200 1360
::1 - - [02/Apr/2021:05:23:13 +0100] "POST /phpmyadmin/index.php HTTP/1.1" 200 1360
::1 - - [02/Apr/2021:05:23:28 +0100] "POST /phpmyadmin/index.php HTTP/1.1" 200 1360
::1 - - [02/Apr/2021:05:23:43 +0100] "POST /phpmyadmin/index.php HTTP/1.1" 200 1360
::1 - - [02/Apr/2021:05:23:58 +0100] "POST /phpmyadmin/index.php HTTP/1.1" 200 1360
::1 - - [02/Apr/2021:05:24:13 +0100] "POST /phpmyadmin/index.php HTTP/1.1" 200 1360
::1 - - [02/Apr/2021:05:24:27 +0100] "POST /phpmyadmin/index.php HTTP/1.1" 200 1360
::1 - - [02/Apr/2021:05:24:41 +0100] "POST /phpmyadmin/index.php HTTP/1.1" 200 1360
::1 - - [02/Apr/2021:05:24:55 +0100] "POST /phpmyadmin/index.php HTTP/1.1" 200 1360
::1 - - [02/Apr/2021:05:25:09 +0100] "POST /phpmyadmin/index.php HTTP/1.1" 200 1360
::1 - - [02/Apr/2021:05:25:23 +0100] "POST /phpmyadmin/index.php HTTP/1.1" 200 1360
::1 - - [02/Apr/2021:05:25:36 +0100] "POST /phpmyadmin/index.php HTTP/1.1" 200 1360
::1 - - [02/Apr/2021:05:25:49 +0100] "POST /phpmyadmin/index.php HTTP/1.1" 200 1360
::1 - - [02/Apr/2021:05:26:02 +0100] "POST /phpmyadmin/index.php HTTP/1.1" 200 1360
::1 - - [02/Apr/2021:05:26:15 +0100] "POST /phpmyadmin/index.php HTTP/1.1" 200 1360
::1 - - [02/Apr/2021:05:26:27 +0100] "POST /phpmyadmin/index.php HTTP/1.1" 200 1360
::1 - - [02/Apr/2021:05:26:39 +0100] "POST /phpmyadmin/index.php HTTP/1.1" 200 1360
::1 - - [02/Apr/2021:05:26:51 +0100] "POST /phpmyadmin/index.php HTTP/1.1" 200 1360
::1 - - [02/Apr/2021:05:27:03 +0100] "POST /phpmyadmin/index.php HTTP/1.1" 200 1360
::1 - - [02/Apr/2021:05:27:15 +0100] "POST /phpmyadmin/index.php HTTP/1.1" 200 1360
::1 - - [02/Apr/2021:05:27:26 +0100] "POST /phpmyadmin/index.php HTTP/1.1" 200 1360
::1 - - [02/Apr/2021:05:27:37 +0100] "POST /phpmyadmin/index.php HTTP/1.1" 200 1360
::1 - - [02/Apr/2021:05:27:48 +0100] "POST /phpmyadmin/index.php HTTP/1.1" 200 1360
::1 - - [02/Apr/2021:05:27:59 +0100] "POST /phpmyadmin/index.php HTTP/1.1" 200 1360
::1 - - [02/Apr/2021:05:28:10 +0100] "POST /phpmyadmin/index.php HTTP/1.1" 200 1360
::1 - - [02/Apr/2021:05:28:21 +0100] "POST /phpmyadmin/index.php HTTP/1.1" 200 1360
::1 - - [02/Apr/2021:05:28:31 +0100] "POST /phpmyadmin/index.php HTTP/1.1" 200 1360
::1 - - [02/Apr/2021:05:28:41 +0100] "POST /phpmyadmin/index.php HTTP/1.1" 200 1360
::1 - - [02/Apr/2021:05:28:51 +0100] "POST /phpmyadmin/index.php HTTP/1.1" 200 1360
::1 - - [02/Apr/2021:05:29:01 +0100] "POST /phpmyadmin/index.php HTTP/1.1" 200 1360
::1 - - [02/Apr/2021:05:29:11 +0100] "POST /phpmyadmin/index.php HTTP/1.1" 200 1360
::1 - - [02/Apr/2021:05:29:21 +0100] "POST /phpmyadmin/index.php HTTP/1.1" 200 1360
::1 - - [02/Apr/2021:05:29:30 +0100] "POST /phpmyadmin/index.php HTTP/1.1" 200 1360
::1 - - [02/Apr/2021:05:29:39 +0100] "POST /phpmyadmin/index.php HTTP/1.1" 200 1360
::1 - - [02/Apr/2021:05:29:48 +0100] "POST /phpmyadmin/index.php HTTP/1.1" 200 1360
::1 - - [02/Apr/2021:05:29:57 +0100] "POST /phpmyadmin/index.php HTTP/1.1" 200 1360
::1 - - [02/Apr/2021:05:30:06 +0100] "POST /phpmyadmin/index.php HTTP/1.1" 200 1360
::1 - - [02/Apr/2021:05:30:15 +0100] "POST /phpmyadmin/index.php HTTP/1.1" 200 1360
::1 - - [02/Apr/2021:05:30:23 +0100] "POST /phpmyadmin/index.php HTTP/1.1" 200 1360
::1 - - [02/Apr/2021:05:30:31 +0100] "POST /phpmyadmin/index.php HTTP/1.1" 200 1360
::1 - - [02/Apr/2021:05:30:39 +0100] "POST /phpmyadmin/index.php HTTP/1.1" 200 1360
::1 - - [02/Apr/2021:05:30:47 +0100] "POST /phpmyadmin/index.php HTTP/1.1" 200 1360
::1 - - [02/Apr/2021:05:30:55 +0100] "POST /phpmyadmin/index.php HTTP/1.1" 200 1360
::1 - - [02/Apr/2021:05:31:03 +0100] "POST /phpmyadmin/index.php HTTP/1.1" 200 1360
::1 - - [02/Apr/2021:05:31:11 +0100] "POST /phpmyadmin/index.php HTTP/1.1" 200 1360
::1 - - [02/Apr/2021:05:31:19 +0100] "POST /phpmyadmin/index.php HTTP/1.1" 200 1360
::1 - - [02/Apr/2021:05:31:26 +0100] "POST /phpmyadmin/index.php HTTP/1.1" 200 1360
::1 - - [02/Apr/2021:05:31:33 +0100] "POST /phpmyadmin/index.php HTTP/1.1" 200 1360
::1 - - [02/Apr/2021:05:31:40 +0100] "POST /phpmyadmin/index.php HTTP/1.1" 200 1360
::1 - - [02/Apr/2021:05:31:47 +0100] "POST /phpmyadmin/index.php HTTP/1.1" 200 1360
::1 - - [02/Apr/2021:05:31:54 +0100] "POST /phpmyadmin/index.php HTTP/1.1" 200 1360
::1 - - [02/Apr/2021:05:32:01 +0100] "POST /phpmyadmin/index.php HTTP/1.1" 200 1360
::1 - - [02/Apr/2021:05:32:08 +0100] "POST /phpmyadmin/index.php HTTP/1.1" 200 1360
::1 - - [02/Apr/2021:05:32:15 +0100] "POST /phpmyadmin/index.php HTTP/1.1" 200 1360
::1 - - [02/Apr/2021:05:32:21 +0100] "POST /phpmyadmin/index.php HTTP/1.1" 200 1360
::1 - - [02/Apr/2021:05:32:27 +0100] "POST /phpmyadmin/index.php HTTP/1.1" 200 1360
::1 - - [02/Apr/2021:05:32:33 +0100] "POST /phpmyadmin/index.php HTTP/1.1" 200 1360
::1 - - [02/Apr/2021:05:32:39 +0100] "POST /phpmyadmin/index.php HTTP/1.1" 200 1360
::1 - - [02/Apr/2021:05:32:45 +0100] "POST /phpmyadmin/index.php HTTP/1.1" 200 1360
::1 - - [02/Apr/2021:05:32:51 +0100] "POST /phpmyadmin/index.php HTTP/1.1" 200 1360
::1 - - [02/Apr/2021:05:32:57 +0100] "POST /phpmyadmin/index.php HTTP/1.1" 200 1360
::1 - - [02/Apr/2021:05:33:03 +0100] "POST /phpmyadmin/index.php HTTP/1.1" 200 1360
::1 - - [02/Apr/2021:05:33:09 +0100] "POST /phpmyadmin/index.php HTTP/1.1" 200 1360
::1 - - [02/Apr/2021:05:33:15 +0100] "POST /phpmyadmin/index.php HTTP/1.1" 200 1360
::1 - - [02/Apr/2021:05:33:17 +0100] "POST /phpmyadmin/index.php HTTP/1.1" 200 1360
::1 - - [02/Apr/2021:05:33:19 +0100] "POST /phpmyadmin/index.php HTTP/1.1" 200 1360
::1 - - [02/Apr/2021:05:33:21 +0100] "POST /phpmyadmin/index.php HTTP/1.1" 200 1360
::1 - - [02/Apr/2021:05:33:23 +0100] "POST /phpmyadmin/index.php HTTP/1.1" 200 1360
::1 - - [02/Apr/2021:05:33:25 +0100] "POST /phpmyadmin/index.php HTTP/1.1" 200 1360
::1 - - [02/Apr/2021:05:33:27 +0100] "POST /phpmyadmin/index.php HTTP/1.1" 200 1360
::1 - - [02/Apr/2021:05:33:29 +0100] "POST /phpmyadmin/index.php HTTP/1.1" 200 1360
::1 - - [02/Apr/2021:05:33:31 +0100] "POST /phpmyadmin/index.php HTTP/1.1" 200 1360
::1 - - [02/Apr/2021:05:33:33 +0100] "POST /phpmyadmin/index.php HTTP/1.1" 200 1360
::1 - - [02/Apr/2021:05:33:35 +0100] "POST /phpmyadmin/index.php HTTP/1.1" 200 1360
::1 - - [02/Apr/2021:05:33:37 +0100] "POST /phpmyadmin/index.php HTTP/1.1" 200 1360
::1 - - [02/Apr/2021:05:33:39 +0100] "POST /phpmyadmin/index.php HTTP/1.1" 200 1360
::1 - - [02/Apr/2021:05:33:41 +0100] "POST /phpmyadmin/index.php HTTP/1.1" 200 1360
::1 - - [02/Apr/2021:05:33:43 +0100] "POST /phpmyadmin/index.php HTTP/1.1" 200 1360
::1 - - [02/Apr/2021:05:33:45 +0100] "POST /phpmyadmin/index.php HTTP/1.1" 200 1360
::1 - - [02/Apr/2021:05:33:47 +0100] "POST /phpmyadmin/index.php HTTP/1.1" 200 1360
::1 - - [02/Apr/2021:05:33:49 +0100] "POST /phpmyadmin/index.php HTTP/1.1" 200 1360
::1 - - [02/Apr/2021:05:33:51 +0100] "POST /phpmyadmin/index.php HTTP/1.1" 200 1360
::1 - - [02/Apr/2021:05:33:53 +0100] "POST /phpmyadmin/index.php HTTP/1.1" 200 1360
::1 - - [02/Apr/2021:05:33:55 +0100] "POST /phpmyadmin/index.php HTTP/1.1" 200 1360
::1 - - [02/Apr/2021:05:33:57 +0100] "POST /phpmyadmin/index.php HTTP/1.1" 200 1360
::1 - - [02/Apr/2021:05:33:59 +0100] "POST /phpmyadmin/index.php HTTP/1.1" 200 1360
::1 - - [02/Apr/2021:05:34:01 +0100] "POST /phpmyadmin/index.php HTTP/1.1" 200 1360
::1 - - [02/Apr/2021:05:34:03 +0100] "POST /phpmyadmin/index.php HTTP/1.1" 200 1360
::1 - - [02/Apr/2021:05:34:05 +0100] "POST /phpmyadmin/index.php HTTP/1.1" 200 1360
::1 - - [02/Apr/2021:05:34:07 +0100] "POST /phpmyadmin/index.php HTTP/1.1" 200 1360
::1 - - [02/Apr/2021:05:34:09 +0100] "POST /phpmyadmin/index.php HTTP/1.1" 200 1360
::1 - - [02/Apr/2021:05:34:11 +0100] "POST /phpmyadmin/index.php HTTP/1.1" 200 1360
::1 - - [02/Apr/2021:05:34:13 +0100] "POST /phpmyadmin/index.php HTTP/1.1" 200 1360
::1 - - [02/Apr/2021:05:34:15 +0100] "POST /phpmyadmin/index.php HTTP/1.1" 200 1360
::1 - - [02/Apr/2021:05:34:17 +0100] "POST /phpmyadmin/index.php HTTP/1.1" 200 1360
::1 - - [02/Apr/2021:05:34:19 +0100] "POST /phpmyadmin/index.php HTTP/1.1" 200 1360
::1 - - [02/Apr/2021:05:34:21 +0100] "POST /phpmyadmin/index.php HTTP/1.1" 200 1360
::1 - - [02/Apr/2021:05:34:23 +0100] "POST /phpmyadmin/index.php HTTP/1.1" 200 1360
::1 - - [02/Apr/2021:05:34:25 +0100] "POST /phpmyadmin/index.php HTTP/1.1" 200 1360
::1 - - [02/Apr/2021:05:34:27 +0100] "POST /phpmyadmin/index.php HTTP/1.1" 200 1360
::1 - - [02/Apr/2021:05:34:29 +0100] "POST /phpmyadmin/index.php HTTP/1.1" 200 1360
::1 - - [02/Apr/2021:05:34:31 +0100] "POST /phpmyadmin/index.php HTTP/1.1" 200 1360
::1 - - [02/Apr/2021:05:34:33 +0100] "POST /phpmyadmin/index.php HTTP/1.1" 200 1360
::1 - - [02/Apr/2021:05:34:35 +0100] "POST /phpmyadmin/index.php HTTP/1.1" 200 1360
::1 - - [02/Apr/2021:05:34:37 +0100] "POST /phpmyadmin/index.php HTTP/1.1" 200 1360
::1 - - [02/Apr/2021:05:34:39 +0100] "POST /phpmyadmin/index.php HTTP/1.1" 200 1360
::1 - - [02/Apr/2021:05:34:41 +0100] "POST /phpmyadmin/index.php HTTP/1.1" 200 1360
::1 - - [02/Apr/2021:05:34:43 +0100] "POST /phpmyadmin/index.php HTTP/1.1" 200 1360
::1 - - [02/Apr/2021:05:34:45 +0100] "POST /phpmyadmin/index.php HTTP/1.1" 200 1360
::1 - - [02/Apr/2021:05:34:47 +0100] "POST /phpmyadmin/index.php HTTP/1.1" 200 1360
::1 - - [02/Apr/2021:05:34:49 +0100] "POST /phpmyadmin/index.php HTTP/1.1" 200 1360
::1 - - [02/Apr/2021:05:34:51 +0100] "POST /phpmyadmin/index.php HTTP/1.1" 200 1360
::1 - - [02/Apr/2021:05:34:53 +0100] "POST /phpmyadmin/index.php HTTP/1.1" 200 1360
::1 - - [02/Apr/2021:05:34:55 +0100] "POST /phpmyadmin/index.php HTTP/1.1" 200 1360
::1 - - [02/Apr/2021:05:34:57 +0100] "POST /phpmyadmin/index.php HTTP/1.1" 200 1360
::1 - - [02/Apr/2021:05:34:59 +0100] "POST /phpmyadmin/index.php HTTP/1.1" 200 1360
::1 - - [02/Apr/2021:05:35:01 +0100] "POST /phpmyadmin/index.php HTTP/1.1" 200 1360
::1 - - [02/Apr/2021:05:35:03 +0100] "POST /phpmyadmin/index.php HTTP/1.1" 200 1360
::1 - - [02/Apr/2021:05:35:05 +0100] "POST /phpmyadmin/index.php HTTP/1.1" 200 1360
::1 - - [02/Apr/2021:05:35:07 +0100] "POST /phpmyadmin/index.php HTTP/1.1" 200 1360
::1 - - [02/Apr/2021:05:35:09 +0100] "POST /phpmyadmin/index.php HTTP/1.1" 200 1360
::1 - - [02/Apr/2021:05:35:11 +0100] "POST /phpmyadmin/index.php HTTP/1.1" 200 1360
::1 - - [02/Apr/2021:05:35:13 +0100] "POST /phpmyadmin/index.php HTTP/1.1" 200 1360
::1 - - [02/Apr/2021:05:35:15 +0100] "POST /phpmyadmin/index.php HTTP/1.1" 200 1360
::1 - - [02/Apr/2021:05:35:17 +0100] "POST /phpmyadmin/index.php HTTP/1.1" 200 1360
::1 - - [02/Apr/2021:05:35:19 +0100] "POST /phpmyadmin/index.php HTTP/1.1" 200 1360
::1 - - [02/Apr/2021:05:35:21 +0100] "POST /phpmyadmin/index.php HTTP/1.1" 200 1360
::1 - - [02/Apr/2021:05:35:23 +0100] "POST /phpmyadmin/index.php HTTP/1.1" 200 1360
::1 - - [02/Apr/2021:05:35:25 +0100] "POST /phpmyadmin/index.php HTTP/1.1" 200 1360
::1 - - [02/Apr/2021:05:35:27 +0100] "POST /phpmyadmin/index.php HTTP/1.1" 200 1360
::1 - - [02/Apr/2021:05:35:29 +0100] "POST /phpmyadmin/index.php HTTP/1.1" 200 1360
::1 - - [02/Apr/2021:05:35:31 +0100] "POST /phpmyadmin/index.php HTTP/1.1" 200 1360
::1 - - [02/Apr/2021:05:35:33 +0100] "POST /phpmyadmin/index.php HTTP/1.1" 200 1360
::1 - - [02/Apr/2021:05:35:35 +0100] "POST /phpmyadmin/index.php HTTP/1.1" 200 1360
::1 - - [02/Apr/2021:05:35:37 +0100] "POST /phpmyadmin/index.php HTTP/1.1" 200 1360
::1 - - [02/Apr/2021:05:35:39 +0100] "POST /phpmyadmin/index.php HTTP/1.1" 200 1360
::1 - - [02/Apr/2021:05:35:41 +0100] "POST /phpmyadmin/index.php HTTP/1.1" 200 1360
::1 - - [02/Apr/2021:05:35:43 +0100] "POST /phpmyadmin/index.php HTTP/1.1" 200 1360
::1 - - [02/Apr/2021:05:35:45 +0100] "POST /phpmyadmin/index.php HTTP/1.1" 200 1360
::1 - - [02/Apr/2021:05:35:47 +0100] "POST /phpmyadmin/index.php HTTP/1.1" 200 1360
::1 - - [02/Apr/2021:05:35:49 +0100] "POST /phpmyadmin/index.php HTTP/1.1" 200 1360
::1 - - [02/Apr/2021:05:35:51 +0100] "POST /phpmyadmin/index.php HTTP/1.1" 200 1360
::1 - - [02/Apr/2021:05:35:53 +0100] "POST /phpmyadmin/index.php HTTP/1.1" 200 1360
::1 - - [02/Apr/2021:05:35:55 +0100] "POST /phpmyadmin/index.php HTTP/1.1" 200 1360
::1 - - [02/Apr/2021:05:35:57 +0100] "POST /phpmyadmin/index.php HTTP/1.1" 200 1360
::1 - - [02/Apr/2021:05:35:59 +0100] "POST /phpmyadmin/index.php HTTP/1.1" 200 1360
::1 - - [02/Apr/2021:05:36:01 +0100] "POST /phpmyadmin/index.php HTTP/1.1" 200 1360
::1 - - [02/Apr/2021:05:36:03 +0100] "POST /phpmyadmin/index.php HTTP/1.1" 200 1360
::1 - - [02/Apr/2021:05:36:05 +0100] "POST /phpmyadmin/index.php HTTP/1.1" 200 1360
::1 - - [02/Apr/2021:05:36:07 +0100] "POST /phpmyadmin/index.php HTTP/1.1" 200 1360
::1 - - [02/Apr/2021:05:36:09 +0100] "POST /phpmyadmin/index.php HTTP/1.1" 200 1360
::1 - - [02/Apr/2021:05:36:11 +0100] "POST /phpmyadmin/index.php HTTP/1.1" 200 1360
::1 - - [02/Apr/2021:05:36:13 +0100] "POST /phpmyadmin/index.php HTTP/1.1" 200 1360
::1 - - [02/Apr/2021:05:36:15 +0100] "POST /phpmyadmin/index.php HTTP/1.1" 200 1360
::1 - - [02/Apr/2021:05:36:17 +0100] "POST /phpmyadmin/index.php HTTP/1.1" 200 1360
::1 - - [02/Apr/2021:05:36:19 +0100] "POST /phpmyadmin/index.php HTTP/1.1" 200 1360
::1 - - [02/Apr/2021:05:36:21 +0100] "POST /phpmyadmin/index.php HTTP/1.1" 200 1360
::1 - - [02/Apr/2021:05:36:23 +0100] "POST /phpmyadmin/index.php HTTP/1.1" 200 1360
::1 - - [02/Apr/2021:05:36:25 +0100] "POST /phpmyadmin/index.php HTTP/1.1" 200 1360
::1 - - [02/Apr/2021:05:36:27 +0100] "POST /phpmyadmin/index.php HTTP/1.1" 200 1360
::1 - - [02/Apr/2021:05:36:29 +0100] "POST /phpmyadmin/index.php HTTP/1.1" 200 1360
::1 - - [02/Apr/2021:05:36:31 +0100] "POST /phpmyadmin/index.php HTTP/1.1" 200 1360
::1 - - [02/Apr/2021:05:36:33 +0100] "POST /phpmyadmin/index.php HTTP/1.1" 200 1360
::1 - - [02/Apr/2021:05:36:35 +0100] "POST /phpmyadmin/index.php HTTP/1.1" 200 1360
::1 - - [02/Apr/2021:05:36:37 +0100] "POST /phpmyadmin/index.php HTTP/1.1" 200 1360
::1 - - [02/Apr/2021:05:36:39 +0100] "POST /phpmyadmin/index.php HTTP/1.1" 200 1360
::1 - - [02/Apr/2021:05:36:41 +0100] "POST /phpmyadmin/index.php HTTP/1.1" 200 1360
::1 - - [02/Apr/2021:05:36:43 +0100] "POST /phpmyadmin/index.php HTTP/1.1" 200 1360
::1 - - [02/Apr/2021:05:36:45 +0100] "POST /phpmyadmin/index.php HTTP/1.1" 200 1360
::1 - - [02/Apr/2021:05:36:47 +0100] "POST /phpmyadmin/index.php HTTP/1.1" 200 1360
::1 - - [02/Apr/2021:05:36:49 +0100] "POST /phpmyadmin/index.php HTTP/1.1" 200 1360
::1 - - [02/Apr/2021:05:36:51 +0100] "POST /phpmyadmin/index.php HTTP/1.1" 200 1360
::1 - - [02/Apr/2021:05:36:53 +0100] "POST /phpmyadmin/index.php HTTP/1.1" 200 1360
::1 - - [02/Apr/2021:05:36:55 +0100] "POST /phpmyadmin/index.php HTTP/1.1" 200 1360
::1 - - [02/Apr/2021:05:36:57 +0100] "POST /phpmyadmin/index.php HTTP/1.1" 200 1360
::1 - - [02/Apr/2021:05:36:59 +0100] "POST /phpmyadmin/index.php HTTP/1.1" 200 1360
::1 - - [02/Apr/2021:05:37:01 +0100] "POST /phpmyadmin/index.php HTTP/1.1" 200 1360
::1 - - [02/Apr/2021:05:37:03 +0100] "POST /phpmyadmin/index.php HTTP/1.1" 200 1360
::1 - - [02/Apr/2021:05:37:05 +0100] "POST /phpmyadmin/index.php HTTP/1.1" 200 1360
::1 - - [02/Apr/2021:05:37:07 +0100] "POST /phpmyadmin/index.php HTTP/1.1" 200 1360
::1 - - [02/Apr/2021:05:37:09 +0100] "POST /phpmyadmin/index.php HTTP/1.1" 200 1360
::1 - - [02/Apr/2021:05:37:11 +0100] "POST /phpmyadmin/index.php HTTP/1.1" 200 1360
::1 - - [02/Apr/2021:05:37:13 +0100] "POST /phpmyadmin/index.php HTTP/1.1" 200 1360
::1 - - [02/Apr/2021:05:37:15 +0100] "POST /phpmyadmin/index.php HTTP/1.1" 200 73
::1 - - [02/Apr/2021:05:37:15 +0100] "GET /phpmyadmin/index.php HTTP/1.1" 200 3388
::1 - - [02/Apr/2021:05:37:15 +0100] "GET /phpmyadmin/js/codemirror/addon/hint/show-hint.css?v=4.7.5 HTTP/1.1" 304 -
::1 - - [02/Apr/2021:05:37:15 +0100] "GET /phpmyadmin/js/codemirror/lib/codemirror.css?v=4.7.5 HTTP/1.1" 304 -
::1 - - [02/Apr/2021:05:37:15 +0100] "GET /phpmyadmin/themes/pmahomme/jquery/jquery-ui.css HTTP/1.1" 304 -
::1 - - [02/Apr/2021:05:37:15 +0100] "GET /phpmyadmin/js/codemirror/addon/lint/lint.css?v=4.7.5 HTTP/1.1" 304 -
::1 - - [02/Apr/2021:05:37:15 +0100] "GET /phpmyadmin/js/get_scripts.js.php?scripts%5B%5D=jquery/jquery.min.js&scripts%5B%5D=jquery/jquery-migrate-3.0.0.js&scripts%5B%5D=sprintf.js&scripts%5B%5D=ajax.js&scripts%5B%5D=keyhandler.js&scripts%5B%5D=jquery/jquery-ui.min.js&scripts%5B%5D=jquery/jquery.cookie.js&scripts%5B%5D=jquery/jquery.mousewheel.js&scripts%5B%5D=jquery/jquery.event.drag-2.2.js&scripts%5B%5D=jquery/jquery-ui-timepicker-addon.js&v=4.7.5 HTTP/1.1" 200 139207
::1 - - [02/Apr/2021:05:37:15 +0100] "GET /phpmyadmin/phpmyadmin.css.php?nocache=4850588192ltr&server=1 HTTP/1.1" 200 20347
::1 - - [02/Apr/2021:05:37:15 +0100] "GET /phpmyadmin/js/get_scripts.js.php?scripts%5B%5D=jquery/jquery.ba-hashchange-1.3.js&scripts%5B%5D=jquery/jquery.debounce-1.0.5.js&scripts%5B%5D=menu-resizer.js&scripts%5B%5D=cross_framing_protection.js&scripts%5B%5D=rte.js&scripts%5B%5D=tracekit/tracekit.js&scripts%5B%5D=error_report.js&scripts%5B%5D=config.js&scripts%5B%5D=doclinks.js&scripts%5B%5D=functions.js&v=4.7.5 HTTP/1.1" 200 77616
::1 - - [02/Apr/2021:05:37:15 +0100] "GET /phpmyadmin/js/get_scripts.js.php?scripts%5B%5D=navigation.js&scripts%5B%5D=indexes.js&scripts%5B%5D=common.js&scripts%5B%5D=page_settings.js&scripts%5B%5D=shortcuts_handler.js&scripts%5B%5D=codemirror/lib/codemirror.js&scripts%5B%5D=codemirror/mode/sql/sql.js&scripts%5B%5D=codemirror/addon/runmode/runmode.js&scripts%5B%5D=codemirror/addon/hint/show-hint.js&scripts%5B%5D=codemirror/addon/hint/sql-hint.js&v=4.7.5 HTTP/1.1" 200 136358
::1 - - [02/Apr/2021:05:37:15 +0100] "GET /phpmyadmin/js/get_scripts.js.php?scripts%5B%5D=codemirror/addon/lint/lint.js&scripts%5B%5D=codemirror/addon/lint/sql-lint.js&scripts%5B%5D=console.js&v=4.7.5 HTTP/1.1" 200 13260
::1 - - [02/Apr/2021:05:37:16 +0100] "GET /phpmyadmin/js/whitelist.php?v=4.7.5 HTTP/1.1" 200 475
::1 - - [02/Apr/2021:05:37:16 +0100] "GET /phpmyadmin/js/messages.php?l=en&v=4.7.5 HTTP/1.1" 200 8700
::1 - - [02/Apr/2021:05:37:16 +0100] "GET /phpmyadmin/js/get_image.js.php?theme=pmahomme&v=4.7.5 HTTP/1.1" 200 1852
::1 - - [02/Apr/2021:05:37:16 +0100] "GET /phpmyadmin/themes/dot.gif HTTP/1.1" 200 43
::1 - - [02/Apr/2021:05:37:16 +0100] "GET /phpmyadmin/themes/pmahomme/img/logo_right.png HTTP/1.1" 200 4601
::1 - - [02/Apr/2021:05:37:16 +0100] "GET /phpmyadmin/themes/pmahomme/css/printview.css?v=4.7.5 HTTP/1.1" 304 -
::1 - - [02/Apr/2021:05:37:16 +0100] "GET /phpmyadmin/themes/pmahomme/img/sprites.png?v=4.7.5 HTTP/1.1" 200 15764
::1 - - [02/Apr/2021:05:37:16 +0100] "GET /phpmyadmin/favicon.ico HTTP/1.1" 200 22486
