PHP Warning:  PHP Startup: Unable to load dynamic library 'F:/UNI/CSSD/Assignment/Casestudies.github.io/usbwebserver\\php\\ext\\php_curl.dll' - The specified module could not be found.\r\n in Unknown on line 0
[Thu Apr 08 10:18:14.965113 2021] [mpm_winnt:notice] [pid 16880:tid 664] AH00455: Apache/2.4.29 (Win32) PHP/7.1.11 configured -- resuming normal operations
[Thu Apr 08 10:18:14.965113 2021] [mpm_winnt:notice] [pid 16880:tid 664] AH00456: Server built: Nov  3 2017 01:01:54
[Thu Apr 08 10:18:14.965113 2021] [core:notice] [pid 16880:tid 664] AH00094: Command line: 'F:\\UNI\\CSSD\\Assignment\\Casestudies.github.io\\usbwebserver/apache2/bin/httpd_usbwv8.exe -d F:/UNI/CSSD/Assignment/Casestudies.github.io/usbwebserver/apache2'
[Thu Apr 08 10:18:14.975087 2021] [mpm_winnt:notice] [pid 16880:tid 664] AH00418: Parent: Created child process 1184
PHP Warning:  PHP Startup: Unable to load dynamic library 'F:/UNI/CSSD/Assignment/Casestudies.github.io/usbwebserver\\php\\ext\\php_curl.dll' - The specified module could not be found.\r\n in Unknown on line 0
[Thu Apr 08 10:18:15.988254 2021] [mpm_winnt:notice] [pid 1184:tid 688] AH00354: Child: Starting 64 worker threads.
[Thu Apr 08 10:18:18.685448 2021] [php7:notice] [pid 1184:tid 1244] [client ::1:51136] PHP Notice:  Undefined index: username in F:\\UNI\\CSSD\\Assignment\\Casestudies.github.io\\usbwebserver\\root\\index.php on line 37
[Thu Apr 08 10:18:18.686451 2021] [php7:notice] [pid 1184:tid 1244] [client ::1:51136] PHP Notice:  Undefined index: password in F:\\UNI\\CSSD\\Assignment\\Casestudies.github.io\\usbwebserver\\root\\index.php on line 38
[Thu Apr 08 10:18:18.713393 2021] [php7:notice] [pid 1184:tid 1244] [client ::1:51136] PHP Notice:  Undefined variable: user in F:\\UNI\\CSSD\\Assignment\\Casestudies.github.io\\usbwebserver\\root\\index.php on line 84
[Thu Apr 08 10:18:18.713393 2021] [php7:error] [pid 1184:tid 1244] [client ::1:51136] PHP Fatal error:  Uncaught Error: Call to a member function close() on null in F:\\UNI\\CSSD\\Assignment\\Casestudies.github.io\\usbwebserver\\root\\index.php:84\nStack trace:\n#0 {main}\n  thrown in F:\\UNI\\CSSD\\Assignment\\Casestudies.github.io\\usbwebserver\\root\\index.php on line 84
[Thu Apr 08 10:18:19.049477 2021] [php7:notice] [pid 1184:tid 1240] [client ::1:51137] PHP Notice:  Undefined index: username in F:\\UNI\\CSSD\\Assignment\\Casestudies.github.io\\usbwebserver\\root\\index.php on line 37
[Thu Apr 08 10:18:19.049477 2021] [php7:notice] [pid 1184:tid 1240] [client ::1:51137] PHP Notice:  Undefined index: password in F:\\UNI\\CSSD\\Assignment\\Casestudies.github.io\\usbwebserver\\root\\index.php on line 38
[Thu Apr 08 10:18:19.051469 2021] [php7:notice] [pid 1184:tid 1240] [client ::1:51137] PHP Notice:  Undefined variable: user in F:\\UNI\\CSSD\\Assignment\\Casestudies.github.io\\usbwebserver\\root\\index.php on line 84
[Thu Apr 08 10:18:19.051469 2021] [php7:error] [pid 1184:tid 1240] [client ::1:51137] PHP Fatal error:  Uncaught Error: Call to a member function close() on null in F:\\UNI\\CSSD\\Assignment\\Casestudies.github.io\\usbwebserver\\root\\index.php:84\nStack trace:\n#0 {main}\n  thrown in F:\\UNI\\CSSD\\Assignment\\Casestudies.github.io\\usbwebserver\\root\\index.php on line 84
[Thu Apr 08 10:18:25.022463 2021] [php7:notice] [pid 1184:tid 1244] [client ::1:51139] PHP Notice:  Undefined variable: formID in F:\\UNI\\CSSD\\Assignment\\Casestudies.github.io\\usbwebserver\\root\\consultant_Quotes.php on line 145, referer: http://localhost:8080/consultant.php
[Thu Apr 08 10:18:25.022463 2021] [php7:notice] [pid 1184:tid 1244] [client ::1:51139] PHP Notice:  Undefined index: form in F:\\UNI\\CSSD\\Assignment\\Casestudies.github.io\\usbwebserver\\root\\consultant_Quotes.php on line 145, referer: http://localhost:8080/consultant.php
[Thu Apr 08 10:18:25.022463 2021] [php7:notice] [pid 1184:tid 1244] [client ::1:51139] PHP Notice:  Undefined index: newReply in F:\\UNI\\CSSD\\Assignment\\Casestudies.github.io\\usbwebserver\\root\\consultant_Quotes.php on line 149, referer: http://localhost:8080/consultant.php
[Thu Apr 08 10:21:21.620876 2021] [php7:crit] [pid 1184:tid 1240] [client ::1:51163] PHP Parse error:  syntax error, unexpected ')' in F:\\UNI\\CSSD\\Assignment\\Casestudies.github.io\\usbwebserver\\root\\consultant_Quotes.php on line 92, referer: http://localhost:8080/consultant.php
[Thu Apr 08 10:21:57.913686 2021] [php7:crit] [pid 1184:tid 1244] [client ::1:51164] PHP Parse error:  syntax error, unexpected ')' in F:\\UNI\\CSSD\\Assignment\\Casestudies.github.io\\usbwebserver\\root\\consultant_Quotes.php on line 92, referer: http://localhost:8080/consultant.php
[Thu Apr 08 10:22:04.424260 2021] [php7:crit] [pid 1184:tid 1240] [client ::1:51166] PHP Parse error:  syntax error, unexpected ')' in F:\\UNI\\CSSD\\Assignment\\Casestudies.github.io\\usbwebserver\\root\\consultant_Quotes.php on line 92, referer: http://localhost:8080/consultant.php
[Thu Apr 08 10:22:05.288916 2021] [php7:crit] [pid 1184:tid 1244] [client ::1:51168] PHP Parse error:  syntax error, unexpected ')' in F:\\UNI\\CSSD\\Assignment\\Casestudies.github.io\\usbwebserver\\root\\consultant_Quotes.php on line 92, referer: http://localhost:8080/consultant.php
[Thu Apr 08 10:25:16.567301 2021] [php7:crit] [pid 1184:tid 1240] [client ::1:51225] PHP Parse error:  syntax error, unexpected ')' in F:\\UNI\\CSSD\\Assignment\\Casestudies.github.io\\usbwebserver\\root\\consultant_Quotes.php on line 92, referer: http://localhost:8080/consultant.php
[Thu Apr 08 10:25:17.418719 2021] [php7:crit] [pid 1184:tid 1244] [client ::1:51226] PHP Parse error:  syntax error, unexpected ')' in F:\\UNI\\CSSD\\Assignment\\Casestudies.github.io\\usbwebserver\\root\\consultant_Quotes.php on line 92, referer: http://localhost:8080/consultant.php
[Thu Apr 08 10:25:24.830857 2021] [php7:crit] [pid 1184:tid 1240] [client ::1:51227] PHP Parse error:  syntax error, unexpected ')' in F:\\UNI\\CSSD\\Assignment\\Casestudies.github.io\\usbwebserver\\root\\consultant_Quotes.php on line 92, referer: http://localhost:8080/consultant.php
[Thu Apr 08 10:25:25.337450 2021] [php7:crit] [pid 1184:tid 1244] [client ::1:51230] PHP Parse error:  syntax error, unexpected ')' in F:\\UNI\\CSSD\\Assignment\\Casestudies.github.io\\usbwebserver\\root\\consultant_Quotes.php on line 92, referer: http://localhost:8080/consultant.php
[Thu Apr 08 10:25:25.955268 2021] [php7:crit] [pid 1184:tid 1240] [client ::1:51231] PHP Parse error:  syntax error, unexpected ')' in F:\\UNI\\CSSD\\Assignment\\Casestudies.github.io\\usbwebserver\\root\\consultant_Quotes.php on line 92, referer: http://localhost:8080/consultant.php
[Thu Apr 08 10:25:39.190031 2021] [php7:crit] [pid 1184:tid 1244] [client ::1:51232] PHP Parse error:  syntax error, unexpected ')' in F:\\UNI\\CSSD\\Assignment\\Casestudies.github.io\\usbwebserver\\root\\consultant_Quotes.php on line 92, referer: http://localhost:8080/consultant.php
[Thu Apr 08 10:25:40.260069 2021] [php7:crit] [pid 1184:tid 1240] [client ::1:51238] PHP Parse error:  syntax error, unexpected ')' in F:\\UNI\\CSSD\\Assignment\\Casestudies.github.io\\usbwebserver\\root\\consultant_Quotes.php on line 92, referer: http://localhost:8080/consultant.php
[Thu Apr 08 10:25:50.407836 2021] [php7:crit] [pid 1184:tid 1244] [client ::1:51239] PHP Parse error:  syntax error, unexpected ')' in F:\\UNI\\CSSD\\Assignment\\Casestudies.github.io\\usbwebserver\\root\\consultant_Quotes.php on line 91, referer: http://localhost:8080/consultant.php
[Thu Apr 08 10:25:51.374824 2021] [php7:crit] [pid 1184:tid 1240] [client ::1:51244] PHP Parse error:  syntax error, unexpected ')' in F:\\UNI\\CSSD\\Assignment\\Casestudies.github.io\\usbwebserver\\root\\consultant_Quotes.php on line 91, referer: http://localhost:8080/consultant.php
[Thu Apr 08 10:26:10.303715 2021] [php7:notice] [pid 1184:tid 1244] [client ::1:51245] PHP Notice:  Undefined variable: formID in F:\\UNI\\CSSD\\Assignment\\Casestudies.github.io\\usbwebserver\\root\\consultant_Quotes.php on line 145, referer: http://localhost:8080/consultant.php
[Thu Apr 08 10:26:10.303715 2021] [php7:notice] [pid 1184:tid 1244] [client ::1:51245] PHP Notice:  Undefined index: form in F:\\UNI\\CSSD\\Assignment\\Casestudies.github.io\\usbwebserver\\root\\consultant_Quotes.php on line 145, referer: http://localhost:8080/consultant.php
[Thu Apr 08 10:26:10.303715 2021] [php7:notice] [pid 1184:tid 1244] [client ::1:51245] PHP Notice:  Undefined index: newReply in F:\\UNI\\CSSD\\Assignment\\Casestudies.github.io\\usbwebserver\\root\\consultant_Quotes.php on line 149, referer: http://localhost:8080/consultant.php
[Thu Apr 08 10:28:20.102976 2021] [php7:notice] [pid 1184:tid 1240] [client ::1:51272] PHP Notice:  Undefined variable: formID in F:\\UNI\\CSSD\\Assignment\\Casestudies.github.io\\usbwebserver\\root\\consultant_Quotes.php on line 150, referer: http://localhost:8080/consultant.php
[Thu Apr 08 10:28:20.102976 2021] [php7:notice] [pid 1184:tid 1240] [client ::1:51272] PHP Notice:  Undefined index: form in F:\\UNI\\CSSD\\Assignment\\Casestudies.github.io\\usbwebserver\\root\\consultant_Quotes.php on line 150, referer: http://localhost:8080/consultant.php
[Thu Apr 08 10:28:20.102976 2021] [php7:notice] [pid 1184:tid 1240] [client ::1:51272] PHP Notice:  Undefined index: newReply in F:\\UNI\\CSSD\\Assignment\\Casestudies.github.io\\usbwebserver\\root\\consultant_Quotes.php on line 154, referer: http://localhost:8080/consultant.php
[Thu Apr 08 10:28:51.315076 2021] [php7:notice] [pid 1184:tid 1244] [client ::1:51273] PHP Notice:  Undefined index: customer in F:\\UNI\\CSSD\\Assignment\\Casestudies.github.io\\usbwebserver\\root\\consultant_Quotes.php on line 91, referer: http://localhost:8080/consultant.php
[Thu Apr 08 10:28:51.315076 2021] [php7:notice] [pid 1184:tid 1244] [client ::1:51273] PHP Notice:  Undefined variable: formID in F:\\UNI\\CSSD\\Assignment\\Casestudies.github.io\\usbwebserver\\root\\consultant_Quotes.php on line 151, referer: http://localhost:8080/consultant.php
[Thu Apr 08 10:28:51.315076 2021] [php7:notice] [pid 1184:tid 1244] [client ::1:51273] PHP Notice:  Undefined index: form in F:\\UNI\\CSSD\\Assignment\\Casestudies.github.io\\usbwebserver\\root\\consultant_Quotes.php on line 151, referer: http://localhost:8080/consultant.php
[Thu Apr 08 10:28:51.315076 2021] [php7:notice] [pid 1184:tid 1244] [client ::1:51273] PHP Notice:  Undefined index: newReply in F:\\UNI\\CSSD\\Assignment\\Casestudies.github.io\\usbwebserver\\root\\consultant_Quotes.php on line 155, referer: http://localhost:8080/consultant.php
[Thu Apr 08 10:29:35.868507 2021] [php7:notice] [pid 1184:tid 1240] [client ::1:51289] PHP Notice:  Undefined index: customer in F:\\UNI\\CSSD\\Assignment\\Casestudies.github.io\\usbwebserver\\root\\consultant_Quotes.php on line 91, referer: http://localhost:8080/consultant.php
[Thu Apr 08 10:29:35.868507 2021] [php7:notice] [pid 1184:tid 1240] [client ::1:51289] PHP Notice:  Undefined variable: formID in F:\\UNI\\CSSD\\Assignment\\Casestudies.github.io\\usbwebserver\\root\\consultant_Quotes.php on line 151, referer: http://localhost:8080/consultant.php
[Thu Apr 08 10:29:35.868507 2021] [php7:notice] [pid 1184:tid 1240] [client ::1:51289] PHP Notice:  Undefined index: form in F:\\UNI\\CSSD\\Assignment\\Casestudies.github.io\\usbwebserver\\root\\consultant_Quotes.php on line 151, referer: http://localhost:8080/consultant.php
[Thu Apr 08 10:29:35.868507 2021] [php7:notice] [pid 1184:tid 1240] [client ::1:51289] PHP Notice:  Undefined index: newReply in F:\\UNI\\CSSD\\Assignment\\Casestudies.github.io\\usbwebserver\\root\\consultant_Quotes.php on line 155, referer: http://localhost:8080/consultant.php
[Thu Apr 08 10:32:04.704778 2021] [php7:notice] [pid 1184:tid 1244] [client ::1:51393] PHP Notice:  Undefined index: customer in F:\\UNI\\CSSD\\Assignment\\Casestudies.github.io\\usbwebserver\\root\\consultant_Quotes.php on line 95, referer: http://localhost:8080/consultant.php
[Thu Apr 08 10:32:04.705658 2021] [php7:notice] [pid 1184:tid 1244] [client ::1:51393] PHP Notice:  Undefined variable: formID in F:\\UNI\\CSSD\\Assignment\\Casestudies.github.io\\usbwebserver\\root\\consultant_Quotes.php on line 155, referer: http://localhost:8080/consultant.php
[Thu Apr 08 10:32:04.705658 2021] [php7:notice] [pid 1184:tid 1244] [client ::1:51393] PHP Notice:  Undefined index: form in F:\\UNI\\CSSD\\Assignment\\Casestudies.github.io\\usbwebserver\\root\\consultant_Quotes.php on line 155, referer: http://localhost:8080/consultant.php
[Thu Apr 08 10:32:04.705658 2021] [php7:notice] [pid 1184:tid 1244] [client ::1:51393] PHP Notice:  Undefined index: newReply in F:\\UNI\\CSSD\\Assignment\\Casestudies.github.io\\usbwebserver\\root\\consultant_Quotes.php on line 159, referer: http://localhost:8080/consultant.php
[Thu Apr 08 10:33:56.577064 2021] [php7:notice] [pid 1184:tid 1240] [client ::1:53353] PHP Notice:  Undefined index: customer in F:\\UNI\\CSSD\\Assignment\\Casestudies.github.io\\usbwebserver\\root\\consultant_Quotes.php on line 95, referer: http://localhost:8080/consultant.php
[Thu Apr 08 10:33:56.578062 2021] [php7:notice] [pid 1184:tid 1240] [client ::1:53353] PHP Notice:  Undefined variable: formID in F:\\UNI\\CSSD\\Assignment\\Casestudies.github.io\\usbwebserver\\root\\consultant_Quotes.php on line 155, referer: http://localhost:8080/consultant.php
[Thu Apr 08 10:33:56.578062 2021] [php7:notice] [pid 1184:tid 1240] [client ::1:53353] PHP Notice:  Undefined index: form in F:\\UNI\\CSSD\\Assignment\\Casestudies.github.io\\usbwebserver\\root\\consultant_Quotes.php on line 155, referer: http://localhost:8080/consultant.php
[Thu Apr 08 10:33:56.578062 2021] [php7:notice] [pid 1184:tid 1240] [client ::1:53353] PHP Notice:  Undefined index: newReply in F:\\UNI\\CSSD\\Assignment\\Casestudies.github.io\\usbwebserver\\root\\consultant_Quotes.php on line 159, referer: http://localhost:8080/consultant.php
[Thu Apr 08 10:36:00.697825 2021] [php7:notice] [pid 1184:tid 1244] [client ::1:53442] PHP Notice:  Undefined index: customer in F:\\UNI\\CSSD\\Assignment\\Casestudies.github.io\\usbwebserver\\root\\consultant_Quotes.php on line 95, referer: http://localhost:8080/consultant.php
[Thu Apr 08 10:36:00.699219 2021] [php7:notice] [pid 1184:tid 1244] [client ::1:53442] PHP Notice:  Undefined variable: formID in F:\\UNI\\CSSD\\Assignment\\Casestudies.github.io\\usbwebserver\\root\\consultant_Quotes.php on line 155, referer: http://localhost:8080/consultant.php
[Thu Apr 08 10:36:00.699219 2021] [php7:notice] [pid 1184:tid 1244] [client ::1:53442] PHP Notice:  Undefined index: form in F:\\UNI\\CSSD\\Assignment\\Casestudies.github.io\\usbwebserver\\root\\consultant_Quotes.php on line 155, referer: http://localhost:8080/consultant.php
[Thu Apr 08 10:36:00.699219 2021] [php7:notice] [pid 1184:tid 1244] [client ::1:53442] PHP Notice:  Undefined index: newReply in F:\\UNI\\CSSD\\Assignment\\Casestudies.github.io\\usbwebserver\\root\\consultant_Quotes.php on line 159, referer: http://localhost:8080/consultant.php
[Thu Apr 08 10:36:02.685381 2021] [php7:notice] [pid 1184:tid 1244] [client ::1:53442] PHP Notice:  Undefined index: customer in F:\\UNI\\CSSD\\Assignment\\Casestudies.github.io\\usbwebserver\\root\\consultant_Quotes.php on line 95, referer: http://localhost:8080/consultant_Quotes.php
[Thu Apr 08 10:36:02.686402 2021] [php7:notice] [pid 1184:tid 1244] [client ::1:53442] PHP Notice:  Undefined variable: formID in F:\\UNI\\CSSD\\Assignment\\Casestudies.github.io\\usbwebserver\\root\\consultant_Quotes.php on line 155, referer: http://localhost:8080/consultant_Quotes.php
[Thu Apr 08 10:36:02.686402 2021] [php7:notice] [pid 1184:tid 1244] [client ::1:53442] PHP Notice:  Undefined index: form in F:\\UNI\\CSSD\\Assignment\\Casestudies.github.io\\usbwebserver\\root\\consultant_Quotes.php on line 155, referer: http://localhost:8080/consultant_Quotes.php
[Thu Apr 08 10:36:02.686402 2021] [php7:notice] [pid 1184:tid 1244] [client ::1:53442] PHP Notice:  Undefined index: newReply in F:\\UNI\\CSSD\\Assignment\\Casestudies.github.io\\usbwebserver\\root\\consultant_Quotes.php on line 159, referer: http://localhost:8080/consultant_Quotes.php
[Thu Apr 08 10:36:33.966870 2021] [php7:notice] [pid 1184:tid 1240] [client ::1:53443] PHP Notice:  Undefined index: customer in F:\\UNI\\CSSD\\Assignment\\Casestudies.github.io\\usbwebserver\\root\\consultant_Quotes.php on line 95, referer: http://localhost:8080/consultant_Quotes.php
[Thu Apr 08 10:36:33.969862 2021] [php7:notice] [pid 1184:tid 1240] [client ::1:53443] PHP Notice:  Undefined variable: formID in F:\\UNI\\CSSD\\Assignment\\Casestudies.github.io\\usbwebserver\\root\\consultant_Quotes.php on line 155, referer: http://localhost:8080/consultant_Quotes.php
[Thu Apr 08 10:36:33.969862 2021] [php7:notice] [pid 1184:tid 1240] [client ::1:53443] PHP Notice:  Undefined index: form in F:\\UNI\\CSSD\\Assignment\\Casestudies.github.io\\usbwebserver\\root\\consultant_Quotes.php on line 155, referer: http://localhost:8080/consultant_Quotes.php
[Thu Apr 08 10:36:33.969862 2021] [php7:notice] [pid 1184:tid 1240] [client ::1:53443] PHP Notice:  Undefined index: newReply in F:\\UNI\\CSSD\\Assignment\\Casestudies.github.io\\usbwebserver\\root\\consultant_Quotes.php on line 159, referer: http://localhost:8080/consultant_Quotes.php
[Thu Apr 08 10:36:35.910660 2021] [php7:notice] [pid 1184:tid 1240] [client ::1:53443] PHP Notice:  Undefined index: customer in F:\\UNI\\CSSD\\Assignment\\Casestudies.github.io\\usbwebserver\\root\\consultant_Quotes.php on line 95, referer: http://localhost:8080/consultant_Quotes.php?customers=0&newReply=
[Thu Apr 08 10:36:35.911659 2021] [php7:notice] [pid 1184:tid 1240] [client ::1:53443] PHP Notice:  Undefined variable: formID in F:\\UNI\\CSSD\\Assignment\\Casestudies.github.io\\usbwebserver\\root\\consultant_Quotes.php on line 155, referer: http://localhost:8080/consultant_Quotes.php?customers=0&newReply=
[Thu Apr 08 10:36:35.911659 2021] [php7:notice] [pid 1184:tid 1240] [client ::1:53443] PHP Notice:  Undefined index: form in F:\\UNI\\CSSD\\Assignment\\Casestudies.github.io\\usbwebserver\\root\\consultant_Quotes.php on line 155, referer: http://localhost:8080/consultant_Quotes.php?customers=0&newReply=
[Thu Apr 08 10:36:35.911659 2021] [php7:notice] [pid 1184:tid 1240] [client ::1:53443] PHP Notice:  Undefined index: newReply in F:\\UNI\\CSSD\\Assignment\\Casestudies.github.io\\usbwebserver\\root\\consultant_Quotes.php on line 159, referer: http://localhost:8080/consultant_Quotes.php?customers=0&newReply=
[Thu Apr 08 10:37:12.808650 2021] [php7:notice] [pid 1184:tid 1244] [client ::1:53467] PHP Notice:  Undefined index: customer in F:\\UNI\\CSSD\\Assignment\\Casestudies.github.io\\usbwebserver\\root\\consultant_Quotes.php on line 95, referer: http://localhost:8080/consultant_Quotes.php?customers=0&newReply=
[Thu Apr 08 10:37:12.809537 2021] [php7:notice] [pid 1184:tid 1244] [client ::1:53467] PHP Notice:  Undefined variable: formID in F:\\UNI\\CSSD\\Assignment\\Casestudies.github.io\\usbwebserver\\root\\consultant_Quotes.php on line 155, referer: http://localhost:8080/consultant_Quotes.php?customers=0&newReply=
[Thu Apr 08 10:37:12.809537 2021] [php7:notice] [pid 1184:tid 1244] [client ::1:53467] PHP Notice:  Undefined index: form in F:\\UNI\\CSSD\\Assignment\\Casestudies.github.io\\usbwebserver\\root\\consultant_Quotes.php on line 155, referer: http://localhost:8080/consultant_Quotes.php?customers=0&newReply=
[Thu Apr 08 10:37:12.809537 2021] [php7:notice] [pid 1184:tid 1244] [client ::1:53467] PHP Notice:  Undefined index: newReply in F:\\UNI\\CSSD\\Assignment\\Casestudies.github.io\\usbwebserver\\root\\consultant_Quotes.php on line 159, referer: http://localhost:8080/consultant_Quotes.php?customers=0&newReply=
[Thu Apr 08 10:37:13.818639 2021] [php7:notice] [pid 1184:tid 1244] [client ::1:53467] PHP Notice:  Undefined index: customer in F:\\UNI\\CSSD\\Assignment\\Casestudies.github.io\\usbwebserver\\root\\consultant_Quotes.php on line 95, referer: http://localhost:8080/consultant_Quotes.php?customers=0&newReply=
[Thu Apr 08 10:37:13.820634 2021] [php7:notice] [pid 1184:tid 1244] [client ::1:53467] PHP Notice:  Undefined variable: formID in F:\\UNI\\CSSD\\Assignment\\Casestudies.github.io\\usbwebserver\\root\\consultant_Quotes.php on line 155, referer: http://localhost:8080/consultant_Quotes.php?customers=0&newReply=
[Thu Apr 08 10:37:13.821626 2021] [php7:notice] [pid 1184:tid 1244] [client ::1:53467] PHP Notice:  Undefined index: form in F:\\UNI\\CSSD\\Assignment\\Casestudies.github.io\\usbwebserver\\root\\consultant_Quotes.php on line 155, referer: http://localhost:8080/consultant_Quotes.php?customers=0&newReply=
[Thu Apr 08 10:37:13.821626 2021] [php7:notice] [pid 1184:tid 1244] [client ::1:53467] PHP Notice:  Undefined index: newReply in F:\\UNI\\CSSD\\Assignment\\Casestudies.github.io\\usbwebserver\\root\\consultant_Quotes.php on line 159, referer: http://localhost:8080/consultant_Quotes.php?customers=0&newReply=
[Thu Apr 08 10:37:15.477933 2021] [php7:notice] [pid 1184:tid 1240] [client ::1:53503] PHP Notice:  Undefined index: customer in F:\\UNI\\CSSD\\Assignment\\Casestudies.github.io\\usbwebserver\\root\\consultant_Quotes.php on line 95, referer: http://localhost:8080/consultant_Quotes.php?customers=1&newReply=
[Thu Apr 08 10:37:15.479098 2021] [php7:notice] [pid 1184:tid 1240] [client ::1:53503] PHP Notice:  Undefined variable: formID in F:\\UNI\\CSSD\\Assignment\\Casestudies.github.io\\usbwebserver\\root\\consultant_Quotes.php on line 155, referer: http://localhost:8080/consultant_Quotes.php?customers=1&newReply=
[Thu Apr 08 10:37:15.479098 2021] [php7:notice] [pid 1184:tid 1240] [client ::1:53503] PHP Notice:  Undefined index: form in F:\\UNI\\CSSD\\Assignment\\Casestudies.github.io\\usbwebserver\\root\\consultant_Quotes.php on line 155, referer: http://localhost:8080/consultant_Quotes.php?customers=1&newReply=
[Thu Apr 08 10:37:15.479098 2021] [php7:notice] [pid 1184:tid 1240] [client ::1:53503] PHP Notice:  Undefined index: newReply in F:\\UNI\\CSSD\\Assignment\\Casestudies.github.io\\usbwebserver\\root\\consultant_Quotes.php on line 159, referer: http://localhost:8080/consultant_Quotes.php?customers=1&newReply=
[Thu Apr 08 10:37:20.098153 2021] [php7:notice] [pid 1184:tid 1240] [client ::1:53503] PHP Notice:  Undefined index: customer in F:\\UNI\\CSSD\\Assignment\\Casestudies.github.io\\usbwebserver\\root\\consultant_Quotes.php on line 95, referer: http://localhost:8080/consultant_Quotes.php?customers=1&newReply=
[Thu Apr 08 10:37:20.099411 2021] [php7:notice] [pid 1184:tid 1240] [client ::1:53503] PHP Notice:  Undefined variable: formID in F:\\UNI\\CSSD\\Assignment\\Casestudies.github.io\\usbwebserver\\root\\consultant_Quotes.php on line 155, referer: http://localhost:8080/consultant_Quotes.php?customers=1&newReply=
[Thu Apr 08 10:37:20.099411 2021] [php7:notice] [pid 1184:tid 1240] [client ::1:53503] PHP Notice:  Undefined index: form in F:\\UNI\\CSSD\\Assignment\\Casestudies.github.io\\usbwebserver\\root\\consultant_Quotes.php on line 155, referer: http://localhost:8080/consultant_Quotes.php?customers=1&newReply=
[Thu Apr 08 10:37:20.099411 2021] [php7:notice] [pid 1184:tid 1240] [client ::1:53503] PHP Notice:  Undefined index: newReply in F:\\UNI\\CSSD\\Assignment\\Casestudies.github.io\\usbwebserver\\root\\consultant_Quotes.php on line 159, referer: http://localhost:8080/consultant_Quotes.php?customers=1&newReply=
[Thu Apr 08 10:37:23.387278 2021] [php7:notice] [pid 1184:tid 1240] [client ::1:53503] PHP Notice:  Undefined index: customer in F:\\UNI\\CSSD\\Assignment\\Casestudies.github.io\\usbwebserver\\root\\consultant_Quotes.php on line 95, referer: http://localhost:8080/consultant_Quotes.php?customers=0&newReply=
[Thu Apr 08 10:37:23.388412 2021] [php7:notice] [pid 1184:tid 1240] [client ::1:53503] PHP Notice:  Undefined variable: formID in F:\\UNI\\CSSD\\Assignment\\Casestudies.github.io\\usbwebserver\\root\\consultant_Quotes.php on line 155, referer: http://localhost:8080/consultant_Quotes.php?customers=0&newReply=
[Thu Apr 08 10:37:23.388412 2021] [php7:notice] [pid 1184:tid 1240] [client ::1:53503] PHP Notice:  Undefined index: form in F:\\UNI\\CSSD\\Assignment\\Casestudies.github.io\\usbwebserver\\root\\consultant_Quotes.php on line 155, referer: http://localhost:8080/consultant_Quotes.php?customers=0&newReply=
[Thu Apr 08 10:37:23.388412 2021] [php7:notice] [pid 1184:tid 1240] [client ::1:53503] PHP Notice:  Undefined index: newReply in F:\\UNI\\CSSD\\Assignment\\Casestudies.github.io\\usbwebserver\\root\\consultant_Quotes.php on line 159, referer: http://localhost:8080/consultant_Quotes.php?customers=0&newReply=
[Thu Apr 08 10:38:35.982031 2021] [php7:notice] [pid 1184:tid 1244] [client ::1:53563] PHP Notice:  Undefined index: customer in F:\\UNI\\CSSD\\Assignment\\Casestudies.github.io\\usbwebserver\\root\\consultant_Quotes.php on line 96, referer: http://localhost:8080/consultant_Quotes.php?customers=0&newReply=
[Thu Apr 08 10:38:35.982941 2021] [php7:notice] [pid 1184:tid 1244] [client ::1:53563] PHP Notice:  Undefined variable: formID in F:\\UNI\\CSSD\\Assignment\\Casestudies.github.io\\usbwebserver\\root\\consultant_Quotes.php on line 156, referer: http://localhost:8080/consultant_Quotes.php?customers=0&newReply=
[Thu Apr 08 10:38:35.982941 2021] [php7:notice] [pid 1184:tid 1244] [client ::1:53563] PHP Notice:  Undefined index: form in F:\\UNI\\CSSD\\Assignment\\Casestudies.github.io\\usbwebserver\\root\\consultant_Quotes.php on line 156, referer: http://localhost:8080/consultant_Quotes.php?customers=0&newReply=
[Thu Apr 08 10:38:35.982941 2021] [php7:notice] [pid 1184:tid 1244] [client ::1:53563] PHP Notice:  Undefined index: newReply in F:\\UNI\\CSSD\\Assignment\\Casestudies.github.io\\usbwebserver\\root\\consultant_Quotes.php on line 160, referer: http://localhost:8080/consultant_Quotes.php?customers=0&newReply=
[Thu Apr 08 10:38:38.776250 2021] [php7:notice] [pid 1184:tid 1244] [client ::1:53563] PHP Notice:  Undefined index: customer in F:\\UNI\\CSSD\\Assignment\\Casestudies.github.io\\usbwebserver\\root\\consultant_Quotes.php on line 96, referer: http://localhost:8080/consultant_Quotes.php?customers=1&newReply=
[Thu Apr 08 10:38:38.777275 2021] [php7:notice] [pid 1184:tid 1244] [client ::1:53563] PHP Notice:  Undefined variable: formID in F:\\UNI\\CSSD\\Assignment\\Casestudies.github.io\\usbwebserver\\root\\consultant_Quotes.php on line 156, referer: http://localhost:8080/consultant_Quotes.php?customers=1&newReply=
[Thu Apr 08 10:38:38.777275 2021] [php7:notice] [pid 1184:tid 1244] [client ::1:53563] PHP Notice:  Undefined index: form in F:\\UNI\\CSSD\\Assignment\\Casestudies.github.io\\usbwebserver\\root\\consultant_Quotes.php on line 156, referer: http://localhost:8080/consultant_Quotes.php?customers=1&newReply=
[Thu Apr 08 10:38:38.777275 2021] [php7:notice] [pid 1184:tid 1244] [client ::1:53563] PHP Notice:  Undefined index: newReply in F:\\UNI\\CSSD\\Assignment\\Casestudies.github.io\\usbwebserver\\root\\consultant_Quotes.php on line 160, referer: http://localhost:8080/consultant_Quotes.php?customers=1&newReply=
[Thu Apr 08 10:40:30.299254 2021] [php7:notice] [pid 1184:tid 1240] [client ::1:53650] PHP Notice:  Undefined index: customer in F:\\UNI\\CSSD\\Assignment\\Casestudies.github.io\\usbwebserver\\root\\consultant_Quotes.php on line 97, referer: http://localhost:8080/consultant_Quotes.php?customers=1&newReply=
[Thu Apr 08 10:40:30.300019 2021] [php7:notice] [pid 1184:tid 1240] [client ::1:53650] PHP Notice:  Undefined variable: formID in F:\\UNI\\CSSD\\Assignment\\Casestudies.github.io\\usbwebserver\\root\\consultant_Quotes.php on line 157, referer: http://localhost:8080/consultant_Quotes.php?customers=1&newReply=
[Thu Apr 08 10:40:30.300019 2021] [php7:notice] [pid 1184:tid 1240] [client ::1:53650] PHP Notice:  Undefined index: form in F:\\UNI\\CSSD\\Assignment\\Casestudies.github.io\\usbwebserver\\root\\consultant_Quotes.php on line 157, referer: http://localhost:8080/consultant_Quotes.php?customers=1&newReply=
[Thu Apr 08 10:40:30.300019 2021] [php7:notice] [pid 1184:tid 1240] [client ::1:53650] PHP Notice:  Undefined index: newReply in F:\\UNI\\CSSD\\Assignment\\Casestudies.github.io\\usbwebserver\\root\\consultant_Quotes.php on line 161, referer: http://localhost:8080/consultant_Quotes.php?customers=1&newReply=
[Thu Apr 08 10:40:32.251121 2021] [php7:notice] [pid 1184:tid 1240] [client ::1:53650] PHP Notice:  Undefined variable: formID in F:\\UNI\\CSSD\\Assignment\\Casestudies.github.io\\usbwebserver\\root\\consultant_Quotes.php on line 157, referer: http://localhost:8080/consultant_Quotes.php?customers=1
[Thu Apr 08 10:40:32.251121 2021] [php7:notice] [pid 1184:tid 1240] [client ::1:53650] PHP Notice:  Undefined index: form in F:\\UNI\\CSSD\\Assignment\\Casestudies.github.io\\usbwebserver\\root\\consultant_Quotes.php on line 157, referer: http://localhost:8080/consultant_Quotes.php?customers=1
[Thu Apr 08 10:40:32.251121 2021] [php7:notice] [pid 1184:tid 1240] [client ::1:53650] PHP Notice:  Undefined index: newReply in F:\\UNI\\CSSD\\Assignment\\Casestudies.github.io\\usbwebserver\\root\\consultant_Quotes.php on line 161, referer: http://localhost:8080/consultant_Quotes.php?customers=1
[Thu Apr 08 10:40:35.651156 2021] [php7:notice] [pid 1184:tid 1240] [client ::1:53650] PHP Notice:  Undefined variable: formID in F:\\UNI\\CSSD\\Assignment\\Casestudies.github.io\\usbwebserver\\root\\consultant_Quotes.php on line 157, referer: http://localhost:8080/consultant_Quotes.php?customers=1
[Thu Apr 08 10:40:35.651156 2021] [php7:notice] [pid 1184:tid 1240] [client ::1:53650] PHP Notice:  Undefined index: form in F:\\UNI\\CSSD\\Assignment\\Casestudies.github.io\\usbwebserver\\root\\consultant_Quotes.php on line 157, referer: http://localhost:8080/consultant_Quotes.php?customers=1
[Thu Apr 08 10:40:35.651156 2021] [php7:notice] [pid 1184:tid 1240] [client ::1:53650] PHP Notice:  Undefined index: newReply in F:\\UNI\\CSSD\\Assignment\\Casestudies.github.io\\usbwebserver\\root\\consultant_Quotes.php on line 161, referer: http://localhost:8080/consultant_Quotes.php?customers=1
[Thu Apr 08 10:41:59.695713 2021] [php7:notice] [pid 1184:tid 1244] [client ::1:53709] PHP Notice:  Undefined index: username in F:\\UNI\\CSSD\\Assignment\\Casestudies.github.io\\usbwebserver\\root\\index.php on line 37
[Thu Apr 08 10:41:59.695713 2021] [php7:notice] [pid 1184:tid 1244] [client ::1:53709] PHP Notice:  Undefined index: password in F:\\UNI\\CSSD\\Assignment\\Casestudies.github.io\\usbwebserver\\root\\index.php on line 38
[Thu Apr 08 10:41:59.696710 2021] [php7:notice] [pid 1184:tid 1244] [client ::1:53709] PHP Notice:  Undefined variable: user in F:\\UNI\\CSSD\\Assignment\\Casestudies.github.io\\usbwebserver\\root\\index.php on line 84
[Thu Apr 08 10:41:59.696710 2021] [php7:error] [pid 1184:tid 1244] [client ::1:53709] PHP Fatal error:  Uncaught Error: Call to a member function close() on null in F:\\UNI\\CSSD\\Assignment\\Casestudies.github.io\\usbwebserver\\root\\index.php:84\nStack trace:\n#0 {main}\n  thrown in F:\\UNI\\CSSD\\Assignment\\Casestudies.github.io\\usbwebserver\\root\\index.php on line 84
[Thu Apr 08 10:42:53.159100 2021] [php7:notice] [pid 1184:tid 1244] [client ::1:53758] PHP Notice:  Undefined variable: formID in F:\\UNI\\CSSD\\Assignment\\Casestudies.github.io\\usbwebserver\\root\\consultant_Quotes.php on line 159, referer: http://localhost:8080/consultant.php
[Thu Apr 08 10:42:53.159100 2021] [php7:notice] [pid 1184:tid 1244] [client ::1:53758] PHP Notice:  Undefined index: form in F:\\UNI\\CSSD\\Assignment\\Casestudies.github.io\\usbwebserver\\root\\consultant_Quotes.php on line 159, referer: http://localhost:8080/consultant.php
[Thu Apr 08 10:42:53.159100 2021] [php7:notice] [pid 1184:tid 1244] [client ::1:53758] PHP Notice:  Undefined index: newReply in F:\\UNI\\CSSD\\Assignment\\Casestudies.github.io\\usbwebserver\\root\\consultant_Quotes.php on line 163, referer: http://localhost:8080/consultant.php
[Thu Apr 08 10:42:56.199811 2021] [php7:notice] [pid 1184:tid 1244] [client ::1:53758] PHP Notice:  Undefined variable: formID in F:\\UNI\\CSSD\\Assignment\\Casestudies.github.io\\usbwebserver\\root\\consultant_Quotes.php on line 159, referer: http://localhost:8080/consultant_Quotes.php
[Thu Apr 08 10:42:56.199811 2021] [php7:notice] [pid 1184:tid 1244] [client ::1:53758] PHP Notice:  Undefined index: form in F:\\UNI\\CSSD\\Assignment\\Casestudies.github.io\\usbwebserver\\root\\consultant_Quotes.php on line 159, referer: http://localhost:8080/consultant_Quotes.php
[Thu Apr 08 10:42:56.199811 2021] [php7:notice] [pid 1184:tid 1244] [client ::1:53758] PHP Notice:  Undefined index: newReply in F:\\UNI\\CSSD\\Assignment\\Casestudies.github.io\\usbwebserver\\root\\consultant_Quotes.php on line 163, referer: http://localhost:8080/consultant_Quotes.php
[Thu Apr 08 10:42:59.567834 2021] [php7:notice] [pid 1184:tid 1244] [client ::1:53758] PHP Notice:  Undefined variable: formID in F:\\UNI\\CSSD\\Assignment\\Casestudies.github.io\\usbwebserver\\root\\consultant_Quotes.php on line 159, referer: http://localhost:8080/consultant_Quotes.php
[Thu Apr 08 10:42:59.567834 2021] [php7:notice] [pid 1184:tid 1244] [client ::1:53758] PHP Notice:  Undefined index: form in F:\\UNI\\CSSD\\Assignment\\Casestudies.github.io\\usbwebserver\\root\\consultant_Quotes.php on line 159, referer: http://localhost:8080/consultant_Quotes.php
[Thu Apr 08 10:42:59.567834 2021] [php7:notice] [pid 1184:tid 1244] [client ::1:53758] PHP Notice:  Undefined index: newReply in F:\\UNI\\CSSD\\Assignment\\Casestudies.github.io\\usbwebserver\\root\\consultant_Quotes.php on line 163, referer: http://localhost:8080/consultant_Quotes.php
[Thu Apr 08 10:43:19.780616 2021] [php7:notice] [pid 1184:tid 1212] [client ::1:53759] PHP Notice:  Undefined variable: formID in F:\\UNI\\CSSD\\Assignment\\Casestudies.github.io\\usbwebserver\\root\\consultant_Quotes.php on line 159, referer: http://localhost:8080/consultant_Quotes.php
[Thu Apr 08 10:43:19.780616 2021] [php7:notice] [pid 1184:tid 1212] [client ::1:53759] PHP Notice:  Undefined index: form in F:\\UNI\\CSSD\\Assignment\\Casestudies.github.io\\usbwebserver\\root\\consultant_Quotes.php on line 159, referer: http://localhost:8080/consultant_Quotes.php
[Thu Apr 08 10:43:19.780616 2021] [php7:notice] [pid 1184:tid 1212] [client ::1:53759] PHP Notice:  Undefined index: newReply in F:\\UNI\\CSSD\\Assignment\\Casestudies.github.io\\usbwebserver\\root\\consultant_Quotes.php on line 163, referer: http://localhost:8080/consultant_Quotes.php
[Thu Apr 08 10:43:21.160412 2021] [php7:notice] [pid 1184:tid 1212] [client ::1:53759] PHP Notice:  Undefined variable: formID in F:\\UNI\\CSSD\\Assignment\\Casestudies.github.io\\usbwebserver\\root\\consultant_Quotes.php on line 159, referer: http://localhost:8080/consultant_Quotes.php
[Thu Apr 08 10:43:21.161411 2021] [php7:notice] [pid 1184:tid 1212] [client ::1:53759] PHP Notice:  Undefined index: form in F:\\UNI\\CSSD\\Assignment\\Casestudies.github.io\\usbwebserver\\root\\consultant_Quotes.php on line 159, referer: http://localhost:8080/consultant_Quotes.php
[Thu Apr 08 10:43:21.161411 2021] [php7:notice] [pid 1184:tid 1212] [client ::1:53759] PHP Notice:  Undefined index: newReply in F:\\UNI\\CSSD\\Assignment\\Casestudies.github.io\\usbwebserver\\root\\consultant_Quotes.php on line 163, referer: http://localhost:8080/consultant_Quotes.php
[Thu Apr 08 10:43:23.907118 2021] [php7:notice] [pid 1184:tid 1244] [client ::1:53779] PHP Notice:  Undefined variable: formID in F:\\UNI\\CSSD\\Assignment\\Casestudies.github.io\\usbwebserver\\root\\consultant_Quotes.php on line 159, referer: http://localhost:8080/consultant_Quotes.php
[Thu Apr 08 10:43:23.907118 2021] [php7:notice] [pid 1184:tid 1244] [client ::1:53779] PHP Notice:  Undefined index: form in F:\\UNI\\CSSD\\Assignment\\Casestudies.github.io\\usbwebserver\\root\\consultant_Quotes.php on line 159, referer: http://localhost:8080/consultant_Quotes.php
[Thu Apr 08 10:43:23.907118 2021] [php7:notice] [pid 1184:tid 1244] [client ::1:53779] PHP Notice:  Undefined index: newReply in F:\\UNI\\CSSD\\Assignment\\Casestudies.github.io\\usbwebserver\\root\\consultant_Quotes.php on line 163, referer: http://localhost:8080/consultant_Quotes.php
[Thu Apr 08 10:43:25.245733 2021] [php7:notice] [pid 1184:tid 1244] [client ::1:53779] PHP Notice:  Undefined variable: formID in F:\\UNI\\CSSD\\Assignment\\Casestudies.github.io\\usbwebserver\\root\\consultant_Quotes.php on line 159, referer: http://localhost:8080/consultant_Quotes.php
[Thu Apr 08 10:43:25.245733 2021] [php7:notice] [pid 1184:tid 1244] [client ::1:53779] PHP Notice:  Undefined index: form in F:\\UNI\\CSSD\\Assignment\\Casestudies.github.io\\usbwebserver\\root\\consultant_Quotes.php on line 159, referer: http://localhost:8080/consultant_Quotes.php
[Thu Apr 08 10:43:25.245733 2021] [php7:notice] [pid 1184:tid 1244] [client ::1:53779] PHP Notice:  Undefined index: newReply in F:\\UNI\\CSSD\\Assignment\\Casestudies.github.io\\usbwebserver\\root\\consultant_Quotes.php on line 163, referer: http://localhost:8080/consultant_Quotes.php
[Thu Apr 08 10:43:38.812779 2021] [php7:notice] [pid 1184:tid 1244] [client ::1:53807] PHP Notice:  Undefined variable: formID in F:\\UNI\\CSSD\\Assignment\\Casestudies.github.io\\usbwebserver\\root\\consultant_Quotes.php on line 159, referer: http://localhost:8080/consultant_Quotes.php
[Thu Apr 08 10:43:38.812779 2021] [php7:notice] [pid 1184:tid 1244] [client ::1:53807] PHP Notice:  Undefined index: form in F:\\UNI\\CSSD\\Assignment\\Casestudies.github.io\\usbwebserver\\root\\consultant_Quotes.php on line 159, referer: http://localhost:8080/consultant_Quotes.php
[Thu Apr 08 10:43:38.812779 2021] [php7:notice] [pid 1184:tid 1244] [client ::1:53807] PHP Notice:  Undefined index: newReply in F:\\UNI\\CSSD\\Assignment\\Casestudies.github.io\\usbwebserver\\root\\consultant_Quotes.php on line 163, referer: http://localhost:8080/consultant_Quotes.php
[Thu Apr 08 10:43:40.746495 2021] [php7:notice] [pid 1184:tid 1244] [client ::1:53807] PHP Notice:  Undefined variable: formID in F:\\UNI\\CSSD\\Assignment\\Casestudies.github.io\\usbwebserver\\root\\consultant_Quotes.php on line 159, referer: http://localhost:8080/consultant_Quotes.php
[Thu Apr 08 10:43:40.746495 2021] [php7:notice] [pid 1184:tid 1244] [client ::1:53807] PHP Notice:  Undefined index: form in F:\\UNI\\CSSD\\Assignment\\Casestudies.github.io\\usbwebserver\\root\\consultant_Quotes.php on line 159, referer: http://localhost:8080/consultant_Quotes.php
[Thu Apr 08 10:43:40.746495 2021] [php7:notice] [pid 1184:tid 1244] [client ::1:53807] PHP Notice:  Undefined index: newReply in F:\\UNI\\CSSD\\Assignment\\Casestudies.github.io\\usbwebserver\\root\\consultant_Quotes.php on line 163, referer: http://localhost:8080/consultant_Quotes.php
[Thu Apr 08 10:44:02.849954 2021] [php7:notice] [pid 1184:tid 1212] [client ::1:53808] PHP Notice:  Undefined variable: formID in F:\\UNI\\CSSD\\Assignment\\Casestudies.github.io\\usbwebserver\\root\\consultant_Quotes.php on line 159, referer: http://localhost:8080/consultant_Quotes.php
[Thu Apr 08 10:44:02.849954 2021] [php7:notice] [pid 1184:tid 1212] [client ::1:53808] PHP Notice:  Undefined index: form in F:\\UNI\\CSSD\\Assignment\\Casestudies.github.io\\usbwebserver\\root\\consultant_Quotes.php on line 159, referer: http://localhost:8080/consultant_Quotes.php
[Thu Apr 08 10:44:02.849954 2021] [php7:notice] [pid 1184:tid 1212] [client ::1:53808] PHP Notice:  Undefined index: newReply in F:\\UNI\\CSSD\\Assignment\\Casestudies.github.io\\usbwebserver\\root\\consultant_Quotes.php on line 163, referer: http://localhost:8080/consultant_Quotes.php
[Thu Apr 08 10:44:15.685876 2021] [php7:notice] [pid 1184:tid 1244] [client ::1:53826] PHP Notice:  Undefined variable: formID in F:\\UNI\\CSSD\\Assignment\\Casestudies.github.io\\usbwebserver\\root\\consultant_Quotes.php on line 159, referer: http://localhost:8080/consultant_Quotes.php
[Thu Apr 08 10:44:15.685876 2021] [php7:notice] [pid 1184:tid 1244] [client ::1:53826] PHP Notice:  Undefined index: form in F:\\UNI\\CSSD\\Assignment\\Casestudies.github.io\\usbwebserver\\root\\consultant_Quotes.php on line 159, referer: http://localhost:8080/consultant_Quotes.php
[Thu Apr 08 10:44:15.685876 2021] [php7:notice] [pid 1184:tid 1244] [client ::1:53826] PHP Notice:  Undefined index: newReply in F:\\UNI\\CSSD\\Assignment\\Casestudies.github.io\\usbwebserver\\root\\consultant_Quotes.php on line 163, referer: http://localhost:8080/consultant_Quotes.php
[Thu Apr 08 10:44:17.971925 2021] [php7:notice] [pid 1184:tid 1244] [client ::1:53826] PHP Notice:  Undefined variable: formID in F:\\UNI\\CSSD\\Assignment\\Casestudies.github.io\\usbwebserver\\root\\consultant_Quotes.php on line 159, referer: http://localhost:8080/consultant_Quotes.php
[Thu Apr 08 10:44:17.971925 2021] [php7:notice] [pid 1184:tid 1244] [client ::1:53826] PHP Notice:  Undefined index: form in F:\\UNI\\CSSD\\Assignment\\Casestudies.github.io\\usbwebserver\\root\\consultant_Quotes.php on line 159, referer: http://localhost:8080/consultant_Quotes.php
[Thu Apr 08 10:44:17.971925 2021] [php7:notice] [pid 1184:tid 1244] [client ::1:53826] PHP Notice:  Undefined index: newReply in F:\\UNI\\CSSD\\Assignment\\Casestudies.github.io\\usbwebserver\\root\\consultant_Quotes.php on line 163, referer: http://localhost:8080/consultant_Quotes.php
[Thu Apr 08 10:44:20.162680 2021] [php7:notice] [pid 1184:tid 1244] [client ::1:53826] PHP Notice:  Undefined variable: formID in F:\\UNI\\CSSD\\Assignment\\Casestudies.github.io\\usbwebserver\\root\\consultant_Quotes.php on line 159, referer: http://localhost:8080/consultant_Quotes.php
[Thu Apr 08 10:44:20.162680 2021] [php7:notice] [pid 1184:tid 1244] [client ::1:53826] PHP Notice:  Undefined index: form in F:\\UNI\\CSSD\\Assignment\\Casestudies.github.io\\usbwebserver\\root\\consultant_Quotes.php on line 159, referer: http://localhost:8080/consultant_Quotes.php
[Thu Apr 08 10:44:20.162680 2021] [php7:notice] [pid 1184:tid 1244] [client ::1:53826] PHP Notice:  Undefined index: newReply in F:\\UNI\\CSSD\\Assignment\\Casestudies.github.io\\usbwebserver\\root\\consultant_Quotes.php on line 163, referer: http://localhost:8080/consultant_Quotes.php
[Thu Apr 08 10:44:21.984342 2021] [php7:notice] [pid 1184:tid 1244] [client ::1:53826] PHP Notice:  Undefined variable: formID in F:\\UNI\\CSSD\\Assignment\\Casestudies.github.io\\usbwebserver\\root\\consultant_Quotes.php on line 159, referer: http://localhost:8080/consultant_Quotes.php
[Thu Apr 08 10:44:21.984342 2021] [php7:notice] [pid 1184:tid 1244] [client ::1:53826] PHP Notice:  Undefined index: form in F:\\UNI\\CSSD\\Assignment\\Casestudies.github.io\\usbwebserver\\root\\consultant_Quotes.php on line 159, referer: http://localhost:8080/consultant_Quotes.php
[Thu Apr 08 10:44:21.984342 2021] [php7:notice] [pid 1184:tid 1244] [client ::1:53826] PHP Notice:  Undefined index: newReply in F:\\UNI\\CSSD\\Assignment\\Casestudies.github.io\\usbwebserver\\root\\consultant_Quotes.php on line 163, referer: http://localhost:8080/consultant_Quotes.php
[Thu Apr 08 10:46:31.526038 2021] [php7:notice] [pid 1184:tid 1212] [client ::1:53920] PHP Notice:  Undefined variable: formID in F:\\UNI\\CSSD\\Assignment\\Casestudies.github.io\\usbwebserver\\root\\consultant_Quotes.php on line 162, referer: http://localhost:8080/consultant_Quotes.php
[Thu Apr 08 10:46:31.526038 2021] [php7:notice] [pid 1184:tid 1212] [client ::1:53920] PHP Notice:  Undefined index: form in F:\\UNI\\CSSD\\Assignment\\Casestudies.github.io\\usbwebserver\\root\\consultant_Quotes.php on line 162, referer: http://localhost:8080/consultant_Quotes.php
[Thu Apr 08 10:46:31.526038 2021] [php7:notice] [pid 1184:tid 1212] [client ::1:53920] PHP Notice:  Undefined index: newReply in F:\\UNI\\CSSD\\Assignment\\Casestudies.github.io\\usbwebserver\\root\\consultant_Quotes.php on line 166, referer: http://localhost:8080/consultant_Quotes.php
[Thu Apr 08 10:46:32.586052 2021] [php7:notice] [pid 1184:tid 1212] [client ::1:53920] PHP Notice:  Undefined variable: formID in F:\\UNI\\CSSD\\Assignment\\Casestudies.github.io\\usbwebserver\\root\\consultant_Quotes.php on line 162, referer: http://localhost:8080/consultant_Quotes.php
[Thu Apr 08 10:46:32.586052 2021] [php7:notice] [pid 1184:tid 1212] [client ::1:53920] PHP Notice:  Undefined index: form in F:\\UNI\\CSSD\\Assignment\\Casestudies.github.io\\usbwebserver\\root\\consultant_Quotes.php on line 162, referer: http://localhost:8080/consultant_Quotes.php
[Thu Apr 08 10:46:32.587046 2021] [php7:notice] [pid 1184:tid 1212] [client ::1:53920] PHP Notice:  Undefined index: newReply in F:\\UNI\\CSSD\\Assignment\\Casestudies.github.io\\usbwebserver\\root\\consultant_Quotes.php on line 166, referer: http://localhost:8080/consultant_Quotes.php
[Thu Apr 08 10:46:34.707053 2021] [php7:notice] [pid 1184:tid 1244] [client ::1:53921] PHP Notice:  Undefined variable: formID in F:\\UNI\\CSSD\\Assignment\\Casestudies.github.io\\usbwebserver\\root\\consultant_Quotes.php on line 162, referer: http://localhost:8080/consultant_Quotes.php
[Thu Apr 08 10:46:34.707053 2021] [php7:notice] [pid 1184:tid 1244] [client ::1:53921] PHP Notice:  Undefined index: form in F:\\UNI\\CSSD\\Assignment\\Casestudies.github.io\\usbwebserver\\root\\consultant_Quotes.php on line 162, referer: http://localhost:8080/consultant_Quotes.php
[Thu Apr 08 10:46:34.707053 2021] [php7:notice] [pid 1184:tid 1244] [client ::1:53921] PHP Notice:  Undefined index: newReply in F:\\UNI\\CSSD\\Assignment\\Casestudies.github.io\\usbwebserver\\root\\consultant_Quotes.php on line 166, referer: http://localhost:8080/consultant_Quotes.php
[Thu Apr 08 10:46:36.355935 2021] [php7:notice] [pid 1184:tid 1244] [client ::1:53921] PHP Notice:  Undefined variable: formID in F:\\UNI\\CSSD\\Assignment\\Casestudies.github.io\\usbwebserver\\root\\consultant_Quotes.php on line 162, referer: http://localhost:8080/consultant_Quotes.php
[Thu Apr 08 10:46:36.355935 2021] [php7:notice] [pid 1184:tid 1244] [client ::1:53921] PHP Notice:  Undefined index: form in F:\\UNI\\CSSD\\Assignment\\Casestudies.github.io\\usbwebserver\\root\\consultant_Quotes.php on line 162, referer: http://localhost:8080/consultant_Quotes.php
[Thu Apr 08 10:46:36.355935 2021] [php7:notice] [pid 1184:tid 1244] [client ::1:53921] PHP Notice:  Undefined index: newReply in F:\\UNI\\CSSD\\Assignment\\Casestudies.github.io\\usbwebserver\\root\\consultant_Quotes.php on line 166, referer: http://localhost:8080/consultant_Quotes.php
[Thu Apr 08 10:46:37.964825 2021] [php7:notice] [pid 1184:tid 1244] [client ::1:53921] PHP Notice:  Undefined variable: formID in F:\\UNI\\CSSD\\Assignment\\Casestudies.github.io\\usbwebserver\\root\\consultant_Quotes.php on line 162, referer: http://localhost:8080/consultant_Quotes.php
[Thu Apr 08 10:46:37.964825 2021] [php7:notice] [pid 1184:tid 1244] [client ::1:53921] PHP Notice:  Undefined index: form in F:\\UNI\\CSSD\\Assignment\\Casestudies.github.io\\usbwebserver\\root\\consultant_Quotes.php on line 162, referer: http://localhost:8080/consultant_Quotes.php
[Thu Apr 08 10:46:37.964825 2021] [php7:notice] [pid 1184:tid 1244] [client ::1:53921] PHP Notice:  Undefined index: newReply in F:\\UNI\\CSSD\\Assignment\\Casestudies.github.io\\usbwebserver\\root\\consultant_Quotes.php on line 166, referer: http://localhost:8080/consultant_Quotes.php
[Thu Apr 08 10:46:39.634536 2021] [php7:notice] [pid 1184:tid 1244] [client ::1:53921] PHP Notice:  Undefined variable: formID in F:\\UNI\\CSSD\\Assignment\\Casestudies.github.io\\usbwebserver\\root\\consultant_Quotes.php on line 162, referer: http://localhost:8080/consultant_Quotes.php
[Thu Apr 08 10:46:39.634536 2021] [php7:notice] [pid 1184:tid 1244] [client ::1:53921] PHP Notice:  Undefined index: form in F:\\UNI\\CSSD\\Assignment\\Casestudies.github.io\\usbwebserver\\root\\consultant_Quotes.php on line 162, referer: http://localhost:8080/consultant_Quotes.php
[Thu Apr 08 10:46:39.634536 2021] [php7:notice] [pid 1184:tid 1244] [client ::1:53921] PHP Notice:  Undefined index: newReply in F:\\UNI\\CSSD\\Assignment\\Casestudies.github.io\\usbwebserver\\root\\consultant_Quotes.php on line 166, referer: http://localhost:8080/consultant_Quotes.php
[Thu Apr 08 10:48:12.808017 2021] [php7:notice] [pid 1184:tid 1212] [client ::1:53958] PHP Notice:  Undefined variable: formID in F:\\UNI\\CSSD\\Assignment\\Casestudies.github.io\\usbwebserver\\root\\consultant_Quotes.php on line 162, referer: http://localhost:8080/consultant_Quotes.php
[Thu Apr 08 10:48:12.808017 2021] [php7:notice] [pid 1184:tid 1212] [client ::1:53958] PHP Notice:  Undefined index: form in F:\\UNI\\CSSD\\Assignment\\Casestudies.github.io\\usbwebserver\\root\\consultant_Quotes.php on line 162, referer: http://localhost:8080/consultant_Quotes.php
[Thu Apr 08 10:48:12.808017 2021] [php7:notice] [pid 1184:tid 1212] [client ::1:53958] PHP Notice:  Undefined index: newReply in F:\\UNI\\CSSD\\Assignment\\Casestudies.github.io\\usbwebserver\\root\\consultant_Quotes.php on line 166, referer: http://localhost:8080/consultant_Quotes.php
[Thu Apr 08 10:48:15.025520 2021] [php7:notice] [pid 1184:tid 1212] [client ::1:53958] PHP Notice:  Undefined variable: formID in F:\\UNI\\CSSD\\Assignment\\Casestudies.github.io\\usbwebserver\\root\\consultant_Quotes.php on line 162, referer: http://localhost:8080/consultant_Quotes.php
[Thu Apr 08 10:48:15.025520 2021] [php7:notice] [pid 1184:tid 1212] [client ::1:53958] PHP Notice:  Undefined index: form in F:\\UNI\\CSSD\\Assignment\\Casestudies.github.io\\usbwebserver\\root\\consultant_Quotes.php on line 162, referer: http://localhost:8080/consultant_Quotes.php
[Thu Apr 08 10:48:15.025520 2021] [php7:notice] [pid 1184:tid 1212] [client ::1:53958] PHP Notice:  Undefined index: newReply in F:\\UNI\\CSSD\\Assignment\\Casestudies.github.io\\usbwebserver\\root\\consultant_Quotes.php on line 166, referer: http://localhost:8080/consultant_Quotes.php
[Thu Apr 08 10:48:15.869564 2021] [php7:notice] [pid 1184:tid 1244] [client ::1:53959] PHP Notice:  Undefined variable: formID in F:\\UNI\\CSSD\\Assignment\\Casestudies.github.io\\usbwebserver\\root\\consultant_Quotes.php on line 162, referer: http://localhost:8080/consultant_Quotes.php
[Thu Apr 08 10:48:15.869564 2021] [php7:notice] [pid 1184:tid 1244] [client ::1:53959] PHP Notice:  Undefined index: form in F:\\UNI\\CSSD\\Assignment\\Casestudies.github.io\\usbwebserver\\root\\consultant_Quotes.php on line 162, referer: http://localhost:8080/consultant_Quotes.php
[Thu Apr 08 10:48:15.869564 2021] [php7:notice] [pid 1184:tid 1244] [client ::1:53959] PHP Notice:  Undefined index: newReply in F:\\UNI\\CSSD\\Assignment\\Casestudies.github.io\\usbwebserver\\root\\consultant_Quotes.php on line 166, referer: http://localhost:8080/consultant_Quotes.php
[Thu Apr 08 10:48:17.690712 2021] [php7:notice] [pid 1184:tid 1244] [client ::1:53959] PHP Notice:  Undefined variable: formID in F:\\UNI\\CSSD\\Assignment\\Casestudies.github.io\\usbwebserver\\root\\consultant_Quotes.php on line 162, referer: http://localhost:8080/consultant_Quotes.php
[Thu Apr 08 10:48:17.690712 2021] [php7:notice] [pid 1184:tid 1244] [client ::1:53959] PHP Notice:  Undefined index: form in F:\\UNI\\CSSD\\Assignment\\Casestudies.github.io\\usbwebserver\\root\\consultant_Quotes.php on line 162, referer: http://localhost:8080/consultant_Quotes.php
[Thu Apr 08 10:48:17.690712 2021] [php7:notice] [pid 1184:tid 1244] [client ::1:53959] PHP Notice:  Undefined index: newReply in F:\\UNI\\CSSD\\Assignment\\Casestudies.github.io\\usbwebserver\\root\\consultant_Quotes.php on line 166, referer: http://localhost:8080/consultant_Quotes.php
[Thu Apr 08 10:48:19.400710 2021] [php7:notice] [pid 1184:tid 1244] [client ::1:53959] PHP Notice:  Undefined variable: formID in F:\\UNI\\CSSD\\Assignment\\Casestudies.github.io\\usbwebserver\\root\\consultant_Quotes.php on line 162, referer: http://localhost:8080/consultant_Quotes.php
[Thu Apr 08 10:48:19.400710 2021] [php7:notice] [pid 1184:tid 1244] [client ::1:53959] PHP Notice:  Undefined index: form in F:\\UNI\\CSSD\\Assignment\\Casestudies.github.io\\usbwebserver\\root\\consultant_Quotes.php on line 162, referer: http://localhost:8080/consultant_Quotes.php
[Thu Apr 08 10:48:19.400710 2021] [php7:notice] [pid 1184:tid 1244] [client ::1:53959] PHP Notice:  Undefined index: newReply in F:\\UNI\\CSSD\\Assignment\\Casestudies.github.io\\usbwebserver\\root\\consultant_Quotes.php on line 166, referer: http://localhost:8080/consultant_Quotes.php
[Thu Apr 08 10:48:21.360357 2021] [php7:notice] [pid 1184:tid 1244] [client ::1:53959] PHP Notice:  Undefined variable: formID in F:\\UNI\\CSSD\\Assignment\\Casestudies.github.io\\usbwebserver\\root\\consultant_Quotes.php on line 162, referer: http://localhost:8080/consultant_Quotes.php
[Thu Apr 08 10:48:21.360357 2021] [php7:notice] [pid 1184:tid 1244] [client ::1:53959] PHP Notice:  Undefined index: form in F:\\UNI\\CSSD\\Assignment\\Casestudies.github.io\\usbwebserver\\root\\consultant_Quotes.php on line 162, referer: http://localhost:8080/consultant_Quotes.php
[Thu Apr 08 10:48:21.360357 2021] [php7:notice] [pid 1184:tid 1244] [client ::1:53959] PHP Notice:  Undefined index: newReply in F:\\UNI\\CSSD\\Assignment\\Casestudies.github.io\\usbwebserver\\root\\consultant_Quotes.php on line 166, referer: http://localhost:8080/consultant_Quotes.php
